{"/home/travis/build/npmtest/node-npmtest-karma-jasmine-html-reporter/test.js":{"path":"/home/travis/build/npmtest/node-npmtest-karma-jasmine-html-reporter/test.js","s":{"1":2,"2":2,"3":2,"4":2,"5":2,"6":2,"7":2,"8":1,"9":2,"10":2,"11":1,"12":1,"13":1,"14":1,"15":2,"16":2,"17":2,"18":2,"19":1,"20":1,"21":2,"22":2,"23":2,"24":1,"25":1,"26":1,"27":1,"28":1,"29":1,"30":1,"31":1,"32":1,"33":1,"34":1,"35":1,"36":1,"37":1,"38":1,"39":2,"40":2,"41":1,"42":2,"43":2,"44":1,"45":2,"46":2,"47":1,"48":2,"49":2,"50":1,"51":1,"52":1,"53":1,"54":1},"b":{"1":[2,1,1,1],"2":[1,1,1,1],"3":[1,1],"4":[1,1],"5":[1,1],"6":[1,1],"7":[1,1],"8":[1,1],"9":[1,1],"10":[1,1,1],"11":[1,1],"12":[1,1],"13":[1,1],"14":[1,1],"15":[1,1],"16":[1,1],"17":[1,1]},"f":{"1":2,"2":2,"3":2,"4":2,"5":2,"6":1,"7":1,"8":1,"9":2,"10":2,"11":2,"12":2,"13":1},"fnMap":{"1":{"name":"(anonymous_1)","line":12,"loc":{"start":{"line":12,"column":1},"end":{"line":12,"column":13}}},"2":{"name":"(anonymous_2)","line":19,"loc":{"start":{"line":19,"column":5},"end":{"line":19,"column":17}}},"3":{"name":"(anonymous_3)","line":23,"loc":{"start":{"line":23,"column":24},"end":{"line":23,"column":36}}},"4":{"name":"(anonymous_4)","line":61,"loc":{"start":{"line":61,"column":5},"end":{"line":61,"column":17}}},"5":{"name":"(anonymous_5)","line":82,"loc":{"start":{"line":82,"column":5},"end":{"line":82,"column":17}}},"6":{"name":"(anonymous_6)","line":91,"loc":{"start":{"line":91,"column":77},"end":{"line":94,"column":10}}},"7":{"name":"(anonymous_7)","line":112,"loc":{"start":{"line":112,"column":83},"end":{"line":115,"column":10}},"skip":true},"8":{"name":"(anonymous_8)","line":123,"loc":{"start":{"line":123,"column":77},"end":{"line":126,"column":10}},"skip":true},"9":{"name":"(anonymous_9)","line":139,"loc":{"start":{"line":139,"column":12},"end":{"line":139,"column":40}},"skip":true},"10":{"name":"(anonymous_10)","line":147,"loc":{"start":{"line":147,"column":77},"end":{"line":150,"column":10}},"skip":true},"11":{"name":"(anonymous_11)","line":158,"loc":{"start":{"line":158,"column":83},"end":{"line":161,"column":10}},"skip":true},"12":{"name":"(anonymous_12)","line":169,"loc":{"start":{"line":169,"column":79},"end":{"line":172,"column":10}},"skip":true},"13":{"name":"(anonymous_13)","line":180,"loc":{"start":{"line":180,"column":75},"end":{"line":183,"column":10}},"skip":true}},"statementMap":{"1":{"start":{"line":12,"column":0},"end":{"line":195,"column":5}},"2":{"start":{"line":14,"column":4},"end":{"line":14,"column":14}},"3":{"start":{"line":19,"column":4},"end":{"line":56,"column":9}},"4":{"start":{"line":21,"column":8},"end":{"line":21,"column":19}},"5":{"start":{"line":23,"column":8},"end":{"line":35,"column":13}},"6":{"start":{"line":24,"column":12},"end":{"line":34,"column":13}},"7":{"start":{"line":25,"column":16},"end":{"line":28,"column":30}},"8":{"start":{"line":30,"column":16},"end":{"line":33,"column":27}},"9":{"start":{"line":37,"column":8},"end":{"line":39,"column":21}},"10":{"start":{"line":40,"column":8},"end":{"line":53,"column":9}},"11":{"start":{"line":43,"column":12},"end":{"line":46,"column":14}},"12":{"start":{"line":47,"column":12},"end":{"line":47,"column":18}},"13":{"start":{"line":50,"column":12},"end":{"line":51,"column":33}},"14":{"start":{"line":52,"column":12},"end":{"line":52,"column":18}},"15":{"start":{"line":55,"column":8},"end":{"line":55,"column":35}},"16":{"start":{"line":61,"column":4},"end":{"line":63,"column":9}},"17":{"start":{"line":62,"column":8},"end":{"line":62,"column":15}},"18":{"start":{"line":64,"column":4},"end":{"line":77,"column":5}},"19":{"start":{"line":70,"column":8},"end":{"line":70,"column":14}},"20":{"start":{"line":76,"column":8},"end":{"line":76,"column":14}},"21":{"start":{"line":82,"column":4},"end":{"line":84,"column":9}},"22":{"start":{"line":83,"column":8},"end":{"line":83,"column":15}},"23":{"start":{"line":85,"column":4},"end":{"line":194,"column":5}},"24":{"start":{"line":91,"column":8},"end":{"line":99,"column":10}},"25":{"start":{"line":98,"column":12},"end":{"line":98,"column":35}},"26":{"start":{"line":102,"column":8},"end":{"line":104,"column":63}},"27":{"start":{"line":105,"column":8},"end":{"line":105,"column":14}},"28":{"start":{"line":112,"column":8},"end":{"line":121,"column":10},"skip":true},"29":{"start":{"line":119,"column":12},"end":{"line":119,"column":55},"skip":true},"30":{"start":{"line":120,"column":12},"end":{"line":120,"column":48},"skip":true},"31":{"start":{"line":123,"column":8},"end":{"line":136,"column":10},"skip":true},"32":{"start":{"line":130,"column":12},"end":{"line":130,"column":76},"skip":true},"33":{"start":{"line":131,"column":12},"end":{"line":131,"column":73},"skip":true},"34":{"start":{"line":132,"column":12},"end":{"line":132,"column":74},"skip":true},"35":{"start":{"line":133,"column":12},"end":{"line":133,"column":79},"skip":true},"36":{"start":{"line":134,"column":12},"end":{"line":134,"column":25},"skip":true},"37":{"start":{"line":135,"column":12},"end":{"line":135,"column":45},"skip":true},"38":{"start":{"line":138,"column":8},"end":{"line":145,"column":14},"skip":true},"39":{"start":{"line":143,"column":16},"end":{"line":143,"column":29},"skip":true},"40":{"start":{"line":144,"column":16},"end":{"line":144,"column":55},"skip":true},"41":{"start":{"line":147,"column":8},"end":{"line":156,"column":10},"skip":true},"42":{"start":{"line":154,"column":12},"end":{"line":154,"column":25},"skip":true},"43":{"start":{"line":155,"column":12},"end":{"line":155,"column":45},"skip":true},"44":{"start":{"line":158,"column":8},"end":{"line":167,"column":10},"skip":true},"45":{"start":{"line":165,"column":12},"end":{"line":165,"column":25},"skip":true},"46":{"start":{"line":166,"column":12},"end":{"line":166,"column":48},"skip":true},"47":{"start":{"line":169,"column":8},"end":{"line":178,"column":10},"skip":true},"48":{"start":{"line":176,"column":12},"end":{"line":176,"column":25},"skip":true},"49":{"start":{"line":177,"column":12},"end":{"line":177,"column":46},"skip":true},"50":{"start":{"line":180,"column":8},"end":{"line":189,"column":10},"skip":true},"51":{"start":{"line":187,"column":12},"end":{"line":187,"column":94},"skip":true},"52":{"start":{"line":188,"column":12},"end":{"line":188,"column":48},"skip":true},"53":{"start":{"line":192,"column":8},"end":{"line":192,"column":35},"skip":true},"54":{"start":{"line":193,"column":8},"end":{"line":193,"column":14},"skip":true}},"branchMap":{"1":{"line":25,"type":"binary-expr","locations":[{"start":{"line":25,"column":23},"end":{"line":25,"column":62}},{"start":{"line":26,"column":20},"end":{"line":26,"column":70}},{"start":{"line":27,"column":20},"end":{"line":27,"column":71}},{"start":{"line":28,"column":20},"end":{"line":28,"column":29}}]},"2":{"line":30,"type":"binary-expr","locations":[{"start":{"line":30,"column":23},"end":{"line":30,"column":37}},{"start":{"line":31,"column":20},"end":{"line":31,"column":61}},{"start":{"line":32,"column":20},"end":{"line":32,"column":70}},{"start":{"line":33,"column":20},"end":{"line":33,"column":26}}]},"3":{"line":37,"type":"cond-expr","locations":[{"start":{"line":38,"column":14},"end":{"line":38,"column":20}},{"start":{"line":39,"column":14},"end":{"line":39,"column":20}}]},"4":{"line":40,"type":"switch","locations":[{"start":{"line":42,"column":8},"end":{"line":47,"column":18}},{"start":{"line":49,"column":8},"end":{"line":52,"column":18}}]},"5":{"line":44,"type":"binary-expr","locations":[{"start":{"line":44,"column":16},"end":{"line":44,"column":44}},{"start":{"line":44,"column":48},"end":{"line":44,"column":66}}]},"6":{"line":50,"type":"binary-expr","locations":[{"start":{"line":50,"column":21},"end":{"line":50,"column":49}},{"start":{"line":50,"column":53},"end":{"line":50,"column":72}}]},"7":{"line":64,"type":"switch","locations":[{"start":{"line":69,"column":4},"end":{"line":70,"column":14}},{"start":{"line":75,"column":4},"end":{"line":76,"column":14}}]},"8":{"line":85,"type":"switch","locations":[{"start":{"line":90,"column":4},"end":{"line":105,"column":14}},{"start":{"line":111,"column":4},"end":{"line":193,"column":14},"skip":true}]},"9":{"line":91,"type":"binary-expr","locations":[{"start":{"line":91,"column":42},"end":{"line":91,"column":73}},{"start":{"line":91,"column":77},"end":{"line":99,"column":9}}]},"10":{"line":102,"type":"binary-expr","locations":[{"start":{"line":102,"column":18},"end":{"line":102,"column":32}},{"start":{"line":103,"column":12},"end":{"line":103,"column":53}},{"start":{"line":104,"column":12},"end":{"line":104,"column":61}}]},"11":{"line":112,"type":"binary-expr","locations":[{"start":{"line":112,"column":45},"end":{"line":112,"column":79},"skip":true},{"start":{"line":112,"column":83},"end":{"line":121,"column":9},"skip":true}]},"12":{"line":123,"type":"binary-expr","locations":[{"start":{"line":123,"column":42},"end":{"line":123,"column":73},"skip":true},{"start":{"line":123,"column":77},"end":{"line":136,"column":9},"skip":true}]},"13":{"line":138,"type":"binary-expr","locations":[{"start":{"line":138,"column":48},"end":{"line":138,"column":85},"skip":true},{"start":{"line":139,"column":12},"end":{"line":145,"column":13},"skip":true}]},"14":{"line":147,"type":"binary-expr","locations":[{"start":{"line":147,"column":42},"end":{"line":147,"column":73},"skip":true},{"start":{"line":147,"column":77},"end":{"line":156,"column":9},"skip":true}]},"15":{"line":158,"type":"binary-expr","locations":[{"start":{"line":158,"column":45},"end":{"line":158,"column":79},"skip":true},{"start":{"line":158,"column":83},"end":{"line":167,"column":9},"skip":true}]},"16":{"line":169,"type":"binary-expr","locations":[{"start":{"line":169,"column":43},"end":{"line":169,"column":75},"skip":true},{"start":{"line":169,"column":79},"end":{"line":178,"column":9},"skip":true}]},"17":{"line":180,"type":"binary-expr","locations":[{"start":{"line":180,"column":41},"end":{"line":180,"column":71},"skip":true},{"start":{"line":180,"column":75},"end":{"line":189,"column":9},"skip":true}]}},"code":["/* istanbul instrument in package npmtest_karma_jasmine_html_reporter */","/*jslint","    bitwise: true,","    browser: true,","    maxerr: 8,","    maxlen: 96,","    node: true,","    nomen: true,","    regexp: true,","    stupid: true","*/","(function () {","    'use strict';","    var local;","","","","    // run shared js-env code - pre-init","    (function () {","        // init local","        local = {};","        // init modeJs","        local.modeJs = (function () {","            try {","                return typeof navigator.userAgent === 'string' &&","                    typeof document.querySelector('body') === 'object' &&","                    typeof XMLHttpRequest.prototype.open === 'function' &&","                    'browser';","            } catch (errorCaughtBrowser) {","                return module.exports &&","                    typeof process.versions.node === 'string' &&","                    typeof require('http').createServer === 'function' &&","                    'node';","            }","        }());","        // init global","        local.global = local.modeJs === 'browser'","            ? window","            : global;","        switch (local.modeJs) {","        // re-init local from window.local","        case 'browser':","            local = local.global.utility2.objectSetDefault(","                local.global.utility2_rollup || local.global.local,","                local.global.utility2","            );","            break;","        // re-init local from example.js","        case 'node':","            local = (local.global.utility2_rollup || require('utility2'))","                .requireReadme();","            break;","        }","        // export local","        local.global.local = local;","    }());","","","","    // run shared js-env code - function","    (function () {","        return;","    }());","    switch (local.modeJs) {","","","","    // run browser js-env code - function","    case 'browser':","        break;","","","","    // run node js-env code - function","    case 'node':","        break;","    }","","","","    // run shared js-env code - post-init","    (function () {","        return;","    }());","    switch (local.modeJs) {","","","","    // run browser js-env code - post-init","    case 'browser':","        local.testCase_browser_nullCase = local.testCase_browser_nullCase || function (","            options,","            onError","        ) {","        /*","         * this function will test browsers's null-case handling-behavior-behavior","         */","            onError(null, options);","        };","","        // run tests","        local.nop(local.modeTest &&","            document.querySelector('#testRunButton1') &&","            document.querySelector('#testRunButton1').click());","        break;","","","","    // run node js-env code - post-init","    /* istanbul ignore next */","    case 'node':","        local.testCase_buildApidoc_default = local.testCase_buildApidoc_default || function (","            options,","            onError","        ) {","        /*","         * this function will test buildApidoc's default handling-behavior-behavior","         */","            options = { modulePathList: module.paths };","            local.buildApidoc(options, onError);","        };","","        local.testCase_buildApp_default = local.testCase_buildApp_default || function (","            options,","            onError","        ) {","        /*","         * this function will test buildApp's default handling-behavior-behavior","         */","            local.testCase_buildReadme_default(options, local.onErrorThrow);","            local.testCase_buildLib_default(options, local.onErrorThrow);","            local.testCase_buildTest_default(options, local.onErrorThrow);","            local.testCase_buildCustomOrg_default(options, local.onErrorThrow);","            options = [];","            local.buildApp(options, onError);","        };","","        local.testCase_buildCustomOrg_default = local.testCase_buildCustomOrg_default ||","            function (options, onError) {","            /*","             * this function will test buildCustomOrg's default handling-behavior","             */","                options = {};","                local.buildCustomOrg(options, onError);","            };","","        local.testCase_buildLib_default = local.testCase_buildLib_default || function (","            options,","            onError","        ) {","        /*","         * this function will test buildLib's default handling-behavior","         */","            options = {};","            local.buildLib(options, onError);","        };","","        local.testCase_buildReadme_default = local.testCase_buildReadme_default || function (","            options,","            onError","        ) {","        /*","         * this function will test buildReadme's default handling-behavior-behavior","         */","            options = {};","            local.buildReadme(options, onError);","        };","","        local.testCase_buildTest_default = local.testCase_buildTest_default || function (","            options,","            onError","        ) {","        /*","         * this function will test buildTest's default handling-behavior","         */","            options = {};","            local.buildTest(options, onError);","        };","","        local.testCase_webpage_default = local.testCase_webpage_default || function (","            options,","            onError","        ) {","        /*","         * this function will test webpage's default handling-behavior","         */","            options = { modeCoverageMerge: true, url: local.serverLocalHost + '?modeTest=1' };","            local.browserTest(options, onError);","        };","","        // run test-server","        local.testRunServer(local);","        break;","    }","}());",""],"l":{"12":2,"14":2,"19":2,"21":2,"23":2,"24":2,"25":2,"30":1,"37":2,"40":2,"43":1,"47":1,"50":1,"52":1,"55":2,"61":2,"62":2,"64":2,"70":1,"76":1,"82":2,"83":2,"85":2,"91":1,"98":1,"102":1,"105":1,"112":1,"119":1,"120":1,"123":1,"130":1,"131":1,"132":1,"133":1,"134":1,"135":1,"138":1,"143":2,"144":2,"147":1,"154":2,"155":2,"158":1,"165":2,"166":2,"169":1,"176":2,"177":2,"180":1,"187":1,"188":1,"192":1,"193":1}},"/home/travis/build/npmtest/node-npmtest-karma-jasmine-html-reporter/lib.npmtest_karma_jasmine_html_reporter.js":{"path":"/home/travis/build/npmtest/node-npmtest-karma-jasmine-html-reporter/lib.npmtest_karma_jasmine_html_reporter.js","s":{"1":2,"2":2,"3":2,"4":2,"5":2,"6":2,"7":2,"8":1,"9":2,"10":2,"11":2,"12":2,"13":1,"14":1,"15":1,"16":1},"b":{"1":[2,1,1,1],"2":[1,1,1,1],"3":[1,1],"4":[2,2],"5":[1,1]},"f":{"1":2,"2":2,"3":2},"fnMap":{"1":{"name":"(anonymous_1)","line":12,"loc":{"start":{"line":12,"column":1},"end":{"line":12,"column":13}}},"2":{"name":"(anonymous_2)","line":19,"loc":{"start":{"line":19,"column":5},"end":{"line":19,"column":17}}},"3":{"name":"(anonymous_3)","line":23,"loc":{"start":{"line":23,"column":24},"end":{"line":23,"column":36}}}},"statementMap":{"1":{"start":{"line":12,"column":0},"end":{"line":53,"column":5}},"2":{"start":{"line":14,"column":4},"end":{"line":14,"column":14}},"3":{"start":{"line":19,"column":4},"end":{"line":52,"column":9}},"4":{"start":{"line":21,"column":8},"end":{"line":21,"column":19}},"5":{"start":{"line":23,"column":8},"end":{"line":35,"column":13}},"6":{"start":{"line":24,"column":12},"end":{"line":34,"column":13}},"7":{"start":{"line":25,"column":16},"end":{"line":28,"column":30}},"8":{"start":{"line":30,"column":16},"end":{"line":33,"column":27}},"9":{"start":{"line":37,"column":8},"end":{"line":39,"column":21}},"10":{"start":{"line":41,"column":8},"end":{"line":41,"column":54}},"11":{"start":{"line":43,"column":8},"end":{"line":43,"column":72}},"12":{"start":{"line":45,"column":8},"end":{"line":51,"column":9}},"13":{"start":{"line":46,"column":12},"end":{"line":46,"column":78}},"14":{"start":{"line":48,"column":12},"end":{"line":48,"column":35}},"15":{"start":{"line":49,"column":12},"end":{"line":49,"column":49}},"16":{"start":{"line":50,"column":12},"end":{"line":50,"column":43}}},"branchMap":{"1":{"line":25,"type":"binary-expr","locations":[{"start":{"line":25,"column":23},"end":{"line":25,"column":62}},{"start":{"line":26,"column":20},"end":{"line":26,"column":70}},{"start":{"line":27,"column":20},"end":{"line":27,"column":71}},{"start":{"line":28,"column":20},"end":{"line":28,"column":29}}]},"2":{"line":30,"type":"binary-expr","locations":[{"start":{"line":30,"column":23},"end":{"line":30,"column":37}},{"start":{"line":31,"column":20},"end":{"line":31,"column":61}},{"start":{"line":32,"column":20},"end":{"line":32,"column":70}},{"start":{"line":33,"column":20},"end":{"line":33,"column":26}}]},"3":{"line":37,"type":"cond-expr","locations":[{"start":{"line":38,"column":14},"end":{"line":38,"column":20}},{"start":{"line":39,"column":14},"end":{"line":39,"column":20}}]},"4":{"line":41,"type":"binary-expr","locations":[{"start":{"line":41,"column":16},"end":{"line":41,"column":44}},{"start":{"line":41,"column":48},"end":{"line":41,"column":53}}]},"5":{"line":45,"type":"if","locations":[{"start":{"line":45,"column":8},"end":{"line":45,"column":8}},{"start":{"line":45,"column":8},"end":{"line":45,"column":8}}]}},"code":["/* istanbul instrument in package npmtest_karma_jasmine_html_reporter */","/*jslint","    bitwise: true,","    browser: true,","    maxerr: 8,","    maxlen: 96,","    node: true,","    nomen: true,","    regexp: true,","    stupid: true","*/","(function () {","    'use strict';","    var local;","","","","    // run shared js-env code - pre-init","    (function () {","        // init local","        local = {};","        // init modeJs","        local.modeJs = (function () {","            try {","                return typeof navigator.userAgent === 'string' &&","                    typeof document.querySelector('body') === 'object' &&","                    typeof XMLHttpRequest.prototype.open === 'function' &&","                    'browser';","            } catch (errorCaughtBrowser) {","                return module.exports &&","                    typeof process.versions.node === 'string' &&","                    typeof require('http').createServer === 'function' &&","                    'node';","            }","        }());","        // init global","        local.global = local.modeJs === 'browser'","            ? window","            : global;","        // init utility2_rollup","        local = local.global.utility2_rollup || local;","        // init lib","        local.local = local.npmtest_karma_jasmine_html_reporter = local;","        // init exports","        if (local.modeJs === 'browser') {","            local.global.utility2_npmtest_karma_jasmine_html_reporter = local;","        } else {","            module.exports = local;","            module.exports.__dirname = __dirname;","            module.exports.module = module;","        }","    }());","}());",""],"l":{"12":2,"14":2,"19":2,"21":2,"23":2,"24":2,"25":2,"30":1,"37":2,"41":2,"43":2,"45":2,"46":1,"48":1,"49":1,"50":1}},"/home/travis/build/npmtest/node-npmtest-karma-jasmine-html-reporter/example.js":{"path":"/home/travis/build/npmtest/node-npmtest-karma-jasmine-html-reporter/example.js","s":{"1":2,"2":2,"3":2,"4":2,"5":2,"6":2,"7":2,"8":1,"9":2,"10":2,"11":2,"12":2,"13":1,"14":2,"15":2,"16":2,"17":2,"18":2,"19":0,"20":2,"21":1,"22":1,"23":1,"24":1,"25":1,"26":0,"27":0,"28":1,"29":1,"30":2,"31":0,"32":0,"33":0,"34":1,"35":2,"36":2,"37":3,"38":3,"39":3,"40":3,"41":0,"42":3,"43":3,"44":3,"45":1,"46":3,"47":1,"48":1,"49":1,"50":1,"51":1,"52":1,"53":1,"54":1,"55":1,"56":1,"57":0,"58":1,"59":6,"60":6,"61":1,"62":2,"63":0,"64":2,"65":1,"66":1,"67":0,"68":0,"69":0,"70":0,"71":0,"72":0,"73":0,"74":0,"75":0,"76":0,"77":0,"78":0,"79":0,"80":0,"81":0,"82":0,"83":0},"b":{"1":[2,1,1,1],"2":[1,1,1,1],"3":[1,1],"4":[2,2],"5":[1,1],"6":[1,1],"7":[2,0],"8":[2,1,1,1,1,1],"9":[0,2,0],"10":[1,1],"11":[2,1,1],"12":[1,0],"13":[0,2],"14":[2,0,0,0,0,0,0],"15":[0,3],"16":[3,0],"17":[1,1],"18":[0,1],"19":[1,2,0,2],"20":[1,0],"21":[1,1],"22":[0,0],"23":[0,0],"24":[0,0],"25":[0,0],"26":[0,0],"27":[0,0],"28":[0,0]},"f":{"1":2,"2":2,"3":2,"4":2,"5":2,"6":2,"7":3,"8":3,"9":3,"10":1,"11":6,"12":0},"fnMap":{"1":{"name":"(anonymous_1)","line":26,"loc":{"start":{"line":26,"column":1},"end":{"line":26,"column":13}}},"2":{"name":"(anonymous_2)","line":33,"loc":{"start":{"line":33,"column":5},"end":{"line":33,"column":17}}},"3":{"name":"(anonymous_3)","line":37,"loc":{"start":{"line":37,"column":24},"end":{"line":37,"column":36}}},"4":{"name":"(anonymous_4)","line":69,"loc":{"start":{"line":69,"column":31},"end":{"line":69,"column":48}},"skip":true},"5":{"name":"(anonymous_5)","line":78,"loc":{"start":{"line":78,"column":26},"end":{"line":78,"column":45}},"skip":true},"6":{"name":"(anonymous_6)","line":123,"loc":{"start":{"line":123,"column":33},"end":{"line":123,"column":48}},"skip":true},"7":{"name":"(anonymous_7)","line":125,"loc":{"start":{"line":125,"column":27},"end":{"line":125,"column":39}},"skip":true},"8":{"name":"(anonymous_8)","line":133,"loc":{"start":{"line":133,"column":59},"end":{"line":133,"column":74}},"skip":true},"9":{"name":"(anonymous_9)","line":143,"loc":{"start":{"line":143,"column":45},"end":{"line":143,"column":62}},"skip":true},"10":{"name":"(anonymous_10)","line":144,"loc":{"start":{"line":144,"column":73},"end":{"line":144,"column":92}},"skip":true},"11":{"name":"(anonymous_11)","line":272,"loc":{"start":{"line":272,"column":51},"end":{"line":272,"column":77}},"skip":true},"12":{"name":"(anonymous_12)","line":315,"loc":{"start":{"line":315,"column":32},"end":{"line":315,"column":61}},"skip":true}},"statementMap":{"1":{"start":{"line":26,"column":0},"end":{"line":326,"column":5}},"2":{"start":{"line":28,"column":4},"end":{"line":28,"column":14}},"3":{"start":{"line":33,"column":4},"end":{"line":60,"column":9}},"4":{"start":{"line":35,"column":8},"end":{"line":35,"column":19}},"5":{"start":{"line":37,"column":8},"end":{"line":49,"column":13}},"6":{"start":{"line":38,"column":12},"end":{"line":48,"column":13}},"7":{"start":{"line":39,"column":16},"end":{"line":42,"column":30}},"8":{"start":{"line":44,"column":16},"end":{"line":47,"column":27}},"9":{"start":{"line":51,"column":8},"end":{"line":53,"column":21}},"10":{"start":{"line":55,"column":8},"end":{"line":57,"column":45}},"11":{"start":{"line":59,"column":8},"end":{"line":59,"column":35}},"12":{"start":{"line":61,"column":4},"end":{"line":325,"column":5}},"13":{"start":{"line":69,"column":8},"end":{"line":121,"column":10},"skip":true},"14":{"start":{"line":70,"column":12},"end":{"line":88,"column":13},"skip":true},"15":{"start":{"line":76,"column":16},"end":{"line":87,"column":19},"skip":true},"16":{"start":{"line":79,"column":20},"end":{"line":86,"column":21},"skip":true},"17":{"start":{"line":82,"column":24},"end":{"line":82,"column":43},"skip":true},"18":{"start":{"line":83,"column":24},"end":{"line":83,"column":30},"skip":true},"19":{"start":{"line":85,"column":24},"end":{"line":85,"column":49},"skip":true},"20":{"start":{"line":89,"column":12},"end":{"line":107,"column":13},"skip":true},"21":{"start":{"line":92,"column":16},"end":{"line":102,"column":17},"skip":true},"22":{"start":{"line":93,"column":20},"end":{"line":93,"column":86},"skip":true},"23":{"start":{"line":94,"column":20},"end":{"line":95,"column":45},"skip":true},"24":{"start":{"line":96,"column":20},"end":{"line":96,"column":42},"skip":true},"25":{"start":{"line":97,"column":20},"end":{"line":97,"column":48},"skip":true},"26":{"start":{"line":100,"column":20},"end":{"line":100,"column":85},"skip":true},"27":{"start":{"line":101,"column":20},"end":{"line":101,"column":96},"skip":true},"28":{"start":{"line":103,"column":16},"end":{"line":103,"column":22},"skip":true},"29":{"start":{"line":106,"column":16},"end":{"line":106,"column":22},"skip":true},"30":{"start":{"line":108,"column":12},"end":{"line":120,"column":13},"skip":true},"31":{"start":{"line":114,"column":16},"end":{"line":119,"column":17},"skip":true},"32":{"start":{"line":116,"column":20},"end":{"line":116,"column":78},"skip":true},"33":{"start":{"line":118,"column":20},"end":{"line":118,"column":47},"skip":true},"34":{"start":{"line":123,"column":8},"end":{"line":141,"column":11},"skip":true},"35":{"start":{"line":124,"column":12},"end":{"line":124,"column":54},"skip":true},"36":{"start":{"line":125,"column":12},"end":{"line":140,"column":14},"skip":true},"37":{"start":{"line":126,"column":16},"end":{"line":126,"column":28},"skip":true},"38":{"start":{"line":127,"column":16},"end":{"line":127,"column":69},"skip":true},"39":{"start":{"line":128,"column":16},"end":{"line":128,"column":75},"skip":true},"40":{"start":{"line":129,"column":16},"end":{"line":131,"column":17},"skip":true},"41":{"start":{"line":130,"column":20},"end":{"line":130,"column":27},"skip":true},"42":{"start":{"line":133,"column":16},"end":{"line":137,"column":36},"skip":true},"43":{"start":{"line":134,"column":20},"end":{"line":136,"column":55},"skip":true},"44":{"start":{"line":139,"column":16},"end":{"line":139,"column":57},"skip":true},"45":{"start":{"line":143,"column":8},"end":{"line":147,"column":11},"skip":true},"46":{"start":{"line":144,"column":12},"end":{"line":146,"column":15},"skip":true},"47":{"start":{"line":145,"column":16},"end":{"line":145,"column":70},"skip":true},"48":{"start":{"line":149,"column":8},"end":{"line":149,"column":31},"skip":true},"49":{"start":{"line":150,"column":8},"end":{"line":150,"column":14},"skip":true},"50":{"start":{"line":158,"column":8},"end":{"line":158,"column":31},"skip":true},"51":{"start":{"line":160,"column":8},"end":{"line":160,"column":33},"skip":true},"52":{"start":{"line":161,"column":8},"end":{"line":161,"column":37},"skip":true},"53":{"start":{"line":162,"column":8},"end":{"line":162,"column":35},"skip":true},"54":{"start":{"line":164,"column":8},"end":{"line":164,"column":50},"skip":true},"55":{"start":{"line":166,"column":8},"end":{"line":256,"column":2},"skip":true},"56":{"start":{"line":258,"column":8},"end":{"line":286,"column":9},"skip":true},"57":{"start":{"line":259,"column":12},"end":{"line":269,"column":14},"skip":true},"58":{"start":{"line":271,"column":12},"end":{"line":285,"column":19},"skip":true},"59":{"start":{"line":274,"column":20},"end":{"line":274,"column":35},"skip":true},"60":{"start":{"line":275,"column":20},"end":{"line":284,"column":21},"skip":true},"61":{"start":{"line":277,"column":24},"end":{"line":277,"column":64},"skip":true},"62":{"start":{"line":279,"column":24},"end":{"line":279,"column":40},"skip":true},"63":{"start":{"line":281,"column":24},"end":{"line":281,"column":40},"skip":true},"64":{"start":{"line":283,"column":24},"end":{"line":283,"column":39},"skip":true},"65":{"start":{"line":288,"column":8},"end":{"line":290,"column":9},"skip":true},"66":{"start":{"line":289,"column":12},"end":{"line":289,"column":18},"skip":true},"67":{"start":{"line":291,"column":8},"end":{"line":293,"column":54},"skip":true},"68":{"start":{"line":296,"column":8},"end":{"line":301,"column":37},"skip":true},"69":{"start":{"line":303,"column":8},"end":{"line":303,"column":82},"skip":true},"70":{"start":{"line":306,"column":8},"end":{"line":308,"column":9},"skip":true},"71":{"start":{"line":307,"column":12},"end":{"line":307,"column":82},"skip":true},"72":{"start":{"line":310,"column":8},"end":{"line":312,"column":9},"skip":true},"73":{"start":{"line":311,"column":12},"end":{"line":311,"column":18},"skip":true},"74":{"start":{"line":313,"column":8},"end":{"line":313,"column":54},"skip":true},"75":{"start":{"line":314,"column":8},"end":{"line":314,"column":69},"skip":true},"76":{"start":{"line":315,"column":8},"end":{"line":323,"column":36},"skip":true},"77":{"start":{"line":316,"column":12},"end":{"line":316,"column":61},"skip":true},"78":{"start":{"line":317,"column":12},"end":{"line":320,"column":13},"skip":true},"79":{"start":{"line":318,"column":16},"end":{"line":318,"column":75},"skip":true},"80":{"start":{"line":319,"column":16},"end":{"line":319,"column":23},"skip":true},"81":{"start":{"line":321,"column":12},"end":{"line":321,"column":38},"skip":true},"82":{"start":{"line":322,"column":12},"end":{"line":322,"column":27},"skip":true},"83":{"start":{"line":324,"column":8},"end":{"line":324,"column":14},"skip":true}},"branchMap":{"1":{"line":39,"type":"binary-expr","locations":[{"start":{"line":39,"column":23},"end":{"line":39,"column":62}},{"start":{"line":40,"column":20},"end":{"line":40,"column":70}},{"start":{"line":41,"column":20},"end":{"line":41,"column":71}},{"start":{"line":42,"column":20},"end":{"line":42,"column":29}}]},"2":{"line":44,"type":"binary-expr","locations":[{"start":{"line":44,"column":23},"end":{"line":44,"column":37}},{"start":{"line":45,"column":20},"end":{"line":45,"column":61}},{"start":{"line":46,"column":20},"end":{"line":46,"column":70}},{"start":{"line":47,"column":20},"end":{"line":47,"column":26}}]},"3":{"line":51,"type":"cond-expr","locations":[{"start":{"line":52,"column":14},"end":{"line":52,"column":20}},{"start":{"line":53,"column":14},"end":{"line":53,"column":20}}]},"4":{"line":55,"type":"binary-expr","locations":[{"start":{"line":55,"column":16},"end":{"line":55,"column":44}},{"start":{"line":55,"column":49},"end":{"line":57,"column":43}}]},"5":{"line":55,"type":"cond-expr","locations":[{"start":{"line":56,"column":14},"end":{"line":56,"column":71}},{"start":{"line":57,"column":14},"end":{"line":57,"column":43}}]},"6":{"line":61,"type":"switch","locations":[{"start":{"line":68,"column":4},"end":{"line":150,"column":14},"skip":true},{"start":{"line":156,"column":4},"end":{"line":324,"column":14},"skip":true}]},"7":{"line":70,"type":"if","locations":[{"start":{"line":70,"column":12},"end":{"line":70,"column":12},"skip":true},{"start":{"line":70,"column":12},"end":{"line":70,"column":12},"skip":true}]},"8":{"line":70,"type":"binary-expr","locations":[{"start":{"line":70,"column":16},"end":{"line":70,"column":22},"skip":true},{"start":{"line":70,"column":27},"end":{"line":70,"column":32},"skip":true},{"start":{"line":71,"column":20},"end":{"line":71,"column":39},"skip":true},{"start":{"line":72,"column":20},"end":{"line":72,"column":49},"skip":true},{"start":{"line":73,"column":20},"end":{"line":73,"column":58},"skip":true},{"start":{"line":74,"column":20},"end":{"line":74,"column":69},"skip":true}]},"9":{"line":79,"type":"switch","locations":[{"start":{"line":80,"column":20},"end":{"line":80,"column":33},"skip":true},{"start":{"line":81,"column":20},"end":{"line":83,"column":30},"skip":true},{"start":{"line":84,"column":20},"end":{"line":85,"column":49},"skip":true}]},"10":{"line":89,"type":"switch","locations":[{"start":{"line":90,"column":12},"end":{"line":103,"column":22},"skip":true},{"start":{"line":105,"column":12},"end":{"line":106,"column":22},"skip":true}]},"11":{"line":89,"type":"binary-expr","locations":[{"start":{"line":89,"column":20},"end":{"line":89,"column":25},"skip":true},{"start":{"line":89,"column":29},"end":{"line":89,"column":48},"skip":true},{"start":{"line":89,"column":52},"end":{"line":89,"column":74},"skip":true}]},"12":{"line":92,"type":"if","locations":[{"start":{"line":92,"column":16},"end":{"line":92,"column":16},"skip":true},{"start":{"line":92,"column":16},"end":{"line":92,"column":16},"skip":true}]},"13":{"line":108,"type":"if","locations":[{"start":{"line":108,"column":12},"end":{"line":108,"column":12},"skip":true},{"start":{"line":108,"column":12},"end":{"line":108,"column":12},"skip":true}]},"14":{"line":108,"type":"binary-expr","locations":[{"start":{"line":108,"column":16},"end":{"line":108,"column":61},"skip":true},{"start":{"line":108,"column":66},"end":{"line":108,"column":72},"skip":true},{"start":{"line":108,"column":77},"end":{"line":108,"column":82},"skip":true},{"start":{"line":109,"column":20},"end":{"line":109,"column":39},"skip":true},{"start":{"line":110,"column":20},"end":{"line":110,"column":49},"skip":true},{"start":{"line":111,"column":20},"end":{"line":111,"column":58},"skip":true},{"start":{"line":112,"column":20},"end":{"line":112,"column":68},"skip":true}]},"15":{"line":129,"type":"if","locations":[{"start":{"line":129,"column":16},"end":{"line":129,"column":16},"skip":true},{"start":{"line":129,"column":16},"end":{"line":129,"column":16},"skip":true}]},"16":{"line":134,"type":"cond-expr","locations":[{"start":{"line":135,"column":26},"end":{"line":135,"column":29},"skip":true},{"start":{"line":136,"column":26},"end":{"line":136,"column":54},"skip":true}]},"17":{"line":164,"type":"binary-expr","locations":[{"start":{"line":164,"column":27},"end":{"line":164,"column":43},"skip":true},{"start":{"line":164,"column":47},"end":{"line":164,"column":49},"skip":true}]},"18":{"line":258,"type":"if","locations":[{"start":{"line":258,"column":8},"end":{"line":258,"column":8},"skip":true},{"start":{"line":258,"column":8},"end":{"line":258,"column":8},"skip":true}]},"19":{"line":275,"type":"switch","locations":[{"start":{"line":276,"column":20},"end":{"line":277,"column":64},"skip":true},{"start":{"line":278,"column":20},"end":{"line":279,"column":40},"skip":true},{"start":{"line":280,"column":20},"end":{"line":281,"column":40},"skip":true},{"start":{"line":282,"column":20},"end":{"line":283,"column":39},"skip":true}]},"20":{"line":288,"type":"if","locations":[{"start":{"line":288,"column":8},"end":{"line":288,"column":8},"skip":true},{"start":{"line":288,"column":8},"end":{"line":288,"column":8},"skip":true}]},"21":{"line":288,"type":"binary-expr","locations":[{"start":{"line":288,"column":12},"end":{"line":288,"column":40},"skip":true},{"start":{"line":288,"column":44},"end":{"line":288,"column":67},"skip":true}]},"22":{"line":292,"type":"binary-expr","locations":[{"start":{"line":292,"column":12},"end":{"line":292,"column":50},"skip":true},{"start":{"line":293,"column":12},"end":{"line":293,"column":53},"skip":true}]},"23":{"line":297,"type":"binary-expr","locations":[{"start":{"line":297,"column":12},"end":{"line":297,"column":85},"skip":true},{"start":{"line":298,"column":12},"end":{"line":301,"column":36},"skip":true}]},"24":{"line":303,"type":"binary-expr","locations":[{"start":{"line":303,"column":43},"end":{"line":303,"column":75},"skip":true},{"start":{"line":303,"column":79},"end":{"line":303,"column":81},"skip":true}]},"25":{"line":306,"type":"if","locations":[{"start":{"line":306,"column":8},"end":{"line":306,"column":8},"skip":true},{"start":{"line":306,"column":8},"end":{"line":306,"column":8},"skip":true}]},"26":{"line":310,"type":"if","locations":[{"start":{"line":310,"column":8},"end":{"line":310,"column":8},"skip":true},{"start":{"line":310,"column":8},"end":{"line":310,"column":8},"skip":true}]},"27":{"line":313,"type":"binary-expr","locations":[{"start":{"line":313,"column":27},"end":{"line":313,"column":43},"skip":true},{"start":{"line":313,"column":47},"end":{"line":313,"column":53},"skip":true}]},"28":{"line":317,"type":"if","locations":[{"start":{"line":317,"column":12},"end":{"line":317,"column":12},"skip":true},{"start":{"line":317,"column":12},"end":{"line":317,"column":12},"skip":true}]}},"code":["/*","example.js","","quickstart example","","instruction","    1. save this script as example.js","    2. run the shell command:","        $ npm install npmtest-karma-jasmine-html-reporter && PORT=8081 node example.js","    3. play with the browser-demo on http://127.0.0.1:8081","*/","","","","/* istanbul instrument in package npmtest_karma_jasmine_html_reporter */","/*jslint","    bitwise: true,","    browser: true,","    maxerr: 8,","    maxlen: 96,","    node: true,","    nomen: true,","    regexp: true,","    stupid: true","*/","(function () {","    'use strict';","    var local;","","","","    // run shared js-env code - pre-init","    (function () {","        // init local","        local = {};","        // init modeJs","        local.modeJs = (function () {","            try {","                return typeof navigator.userAgent === 'string' &&","                    typeof document.querySelector('body') === 'object' &&","                    typeof XMLHttpRequest.prototype.open === 'function' &&","                    'browser';","            } catch (errorCaughtBrowser) {","                return module.exports &&","                    typeof process.versions.node === 'string' &&","                    typeof require('http').createServer === 'function' &&","                    'node';","            }","        }());","        // init global","        local.global = local.modeJs === 'browser'","            ? window","            : global;","        // init utility2_rollup","        local = local.global.utility2_rollup || (local.modeJs === 'browser'","            ? local.global.utility2_npmtest_karma_jasmine_html_reporter","            : global.utility2_moduleExports);","        // export local","        local.global.local = local;","    }());","    switch (local.modeJs) {","","","","    // post-init","    // run browser js-env code - post-init","    /* istanbul ignore next */","    case 'browser':","        local.testRunBrowser = function (event) {","            if (!event || (event &&","                    event.currentTarget &&","                    event.currentTarget.className &&","                    event.currentTarget.className.includes &&","                    event.currentTarget.className.includes('onreset'))) {","                // reset output","                Array.from(","                    document.querySelectorAll('body > .resettable')","                ).forEach(function (element) {","                    switch (element.tagName) {","                    case 'INPUT':","                    case 'TEXTAREA':","                        element.value = '';","                        break;","                    default:","                        element.textContent = '';","                    }","                });","            }","            switch (event && event.currentTarget && event.currentTarget.id) {","            case 'testRunButton1':","                // show tests","                if (document.querySelector('#testReportDiv1').style.display === 'none') {","                    document.querySelector('#testReportDiv1').style.display = 'block';","                    document.querySelector('#testRunButton1').textContent =","                        'hide internal test';","                    local.modeTest = true;","                    local.testRunDefault(local);","                // hide tests","                } else {","                    document.querySelector('#testReportDiv1').style.display = 'none';","                    document.querySelector('#testRunButton1').textContent = 'run internal test';","                }","                break;","            // custom-case","            default:","                break;","            }","            if (document.querySelector('#inputTextareaEval1') && (!event || (event &&","                    event.currentTarget &&","                    event.currentTarget.className &&","                    event.currentTarget.className.includes &&","                    event.currentTarget.className.includes('oneval')))) {","                // try to eval input-code","                try {","                    /*jslint evil: true*/","                    eval(document.querySelector('#inputTextareaEval1').value);","                } catch (errorCaught) {","                    console.error(errorCaught);","                }","            }","        };","        // log stderr and stdout to #outputTextareaStdout1","        ['error', 'log'].forEach(function (key) {","            console[key + '_original'] = console[key];","            console[key] = function () {","                var element;","                console[key + '_original'].apply(console, arguments);","                element = document.querySelector('#outputTextareaStdout1');","                if (!element) {","                    return;","                }","                // append text to #outputTextareaStdout1","                element.value += Array.from(arguments).map(function (arg) {","                    return typeof arg === 'string'","                        ? arg","                        : JSON.stringify(arg, null, 4);","                }).join(' ') + '\\n';","                // scroll textarea to bottom","                element.scrollTop = element.scrollHeight;","            };","        });","        // init event-handling","        ['change', 'click', 'keyup'].forEach(function (event) {","            Array.from(document.querySelectorAll('.on' + event)).forEach(function (element) {","                element.addEventListener(event, local.testRunBrowser);","            });","        });","        // run tests","        local.testRunBrowser();","        break;","","","","    // run node js-env code - post-init","    /* istanbul ignore next */","    case 'node':","        // export local","        module.exports = local;","        // require modules","        local.fs = require('fs');","        local.http = require('http');","        local.url = require('url');","        // init assets","        local.assetsDict = local.assetsDict || {};","        /* jslint-ignore-begin */","        local.assetsDict['/assets.index.template.html'] = '\\","<!doctype html>\\n\\","<html lang=\"en\">\\n\\","<head>\\n\\","<meta charset=\"UTF-8\">\\n\\","<meta name=\"viewport\" content=\"width=device-width, initial-scale=1\">\\n\\","<title>{{env.npm_package_name}} (v{{env.npm_package_version}})</title>\\n\\","<style>\\n\\","/*csslint\\n\\","    box-sizing: false,\\n\\","    universal-selector: false\\n\\","*/\\n\\","* {\\n\\","    box-sizing: border-box;\\n\\","}\\n\\","body {\\n\\","    background: #dde;\\n\\","    font-family: Arial, Helvetica, sans-serif;\\n\\","    margin: 2rem;\\n\\","}\\n\\","body > * {\\n\\","    margin-bottom: 1rem;\\n\\","}\\n\\",".utility2FooterDiv {\\n\\","    margin-top: 20px;\\n\\","    text-align: center;\\n\\","}\\n\\","</style>\\n\\","<style>\\n\\","/*csslint\\n\\","*/\\n\\","textarea {\\n\\","    font-family: monospace;\\n\\","    height: 10rem;\\n\\","    width: 100%;\\n\\","}\\n\\","textarea[readonly] {\\n\\","    background: #ddd;\\n\\","}\\n\\","</style>\\n\\","</head>\\n\\","<body>\\n\\","<!-- utility2-comment\\n\\","<div id=\"ajaxProgressDiv1\" style=\"background: #d00; height: 2px; left: 0; margin: 0; padding: 0; position: fixed; top: 0; transition: background 0.5s, width 1.5s; width: 25%;\"></div>\\n\\","utility2-comment -->\\n\\","<h1>\\n\\","<!-- utility2-comment\\n\\","    <a\\n\\","        {{#if env.npm_package_homepage}}\\n\\","        href=\"{{env.npm_package_homepage}}\"\\n\\","        {{/if env.npm_package_homepage}}\\n\\","        target=\"_blank\"\\n\\","    >\\n\\","utility2-comment -->\\n\\","        {{env.npm_package_name}} (v{{env.npm_package_version}})\\n\\","<!-- utility2-comment\\n\\","    </a>\\n\\","utility2-comment -->\\n\\","</h1>\\n\\","<h3>{{env.npm_package_description}}</h3>\\n\\","<!-- utility2-comment\\n\\","<h4><a download href=\"assets.app.js\">download standalone app</a></h4>\\n\\","<button class=\"onclick onreset\" id=\"testRunButton1\">run internal test</button><br>\\n\\","<div id=\"testReportDiv1\" style=\"display: none;\"></div>\\n\\","utility2-comment -->\\n\\","\\n\\","\\n\\","\\n\\","<label>stderr and stdout</label>\\n\\","<textarea class=\"resettable\" id=\"outputTextareaStdout1\" readonly></textarea>\\n\\","<!-- utility2-comment\\n\\","{{#if isRollup}}\\n\\","<script src=\"assets.app.js\"></script>\\n\\","{{#unless isRollup}}\\n\\","utility2-comment -->\\n\\","<script src=\"assets.utility2.rollup.js\"></script>\\n\\","<script src=\"jsonp.utility2._stateInit?callback=window.utility2._stateInit\"></script>\\n\\","<script src=\"assets.npmtest_karma_jasmine_html_reporter.rollup.js\"></script>\\n\\","<script src=\"assets.example.js\"></script>\\n\\","<script src=\"assets.test.js\"></script>\\n\\","<!-- utility2-comment\\n\\","{{/if isRollup}}\\n\\","utility2-comment -->\\n\\","<div class=\"utility2FooterDiv\">\\n\\","    [ this app was created with\\n\\","    <a href=\"https://github.com/kaizhu256/node-utility2\" target=\"_blank\">utility2</a>\\n\\","    ]\\n\\","</div>\\n\\","</body>\\n\\","</html>\\n\\","';","        /* jslint-ignore-end */","        if (local.templateRender) {","            local.assetsDict['/'] = local.templateRender(","                local.assetsDict['/assets.index.template.html'],","                {","                    env: local.objectSetDefault(local.env, {","                        npm_package_description: 'the greatest app in the world!',","                        npm_package_name: 'my-app',","                        npm_package_nameAlias: 'my_app',","                        npm_package_version: '0.0.1'","                    })","                }","            );","        } else {","            local.assetsDict['/'] = local.assetsDict['/assets.index.template.html']","                .replace((/\\{\\{env\\.(\\w+?)\\}\\}/g), function (match0, match1) {","                    // jslint-hack","                    String(match0);","                    switch (match1) {","                    case 'npm_package_description':","                        return 'the greatest app in the world!';","                    case 'npm_package_name':","                        return 'my-app';","                    case 'npm_package_nameAlias':","                        return 'my_app';","                    case 'npm_package_version':","                        return '0.0.1';","                    }","                });","        }","        // run the cli","        if (local.global.utility2_rollup || module !== require.main) {","            break;","        }","        local.assetsDict['/assets.example.js'] =","            local.assetsDict['/assets.example.js'] ||","            local.fs.readFileSync(__filename, 'utf8');","        // bug-workaround - long $npm_package_buildCustomOrg","        /* jslint-ignore-begin */","        local.assetsDict['/assets.npmtest_karma_jasmine_html_reporter.rollup.js'] =","            local.assetsDict['/assets.npmtest_karma_jasmine_html_reporter.rollup.js'] ||","            local.fs.readFileSync(","                local.npmtest_karma_jasmine_html_reporter.__dirname + '/lib.npmtest_karma_jasmine_html_reporter.js',","                'utf8'","            ).replace((/^#!/), '//');","        /* jslint-ignore-end */","        local.assetsDict['/favicon.ico'] = local.assetsDict['/favicon.ico'] || '';","        // if $npm_config_timeout_exit exists,","        // then exit this process after $npm_config_timeout_exit ms","        if (Number(process.env.npm_config_timeout_exit)) {","            setTimeout(process.exit, Number(process.env.npm_config_timeout_exit));","        }","        // start server","        if (local.global.utility2_serverHttp1) {","            break;","        }","        process.env.PORT = process.env.PORT || '8081';","        console.error('server starting on port ' + process.env.PORT);","        local.http.createServer(function (request, response) {","            request.urlParsed = local.url.parse(request.url);","            if (local.assetsDict[request.urlParsed.pathname] !== undefined) {","                response.end(local.assetsDict[request.urlParsed.pathname]);","                return;","            }","            response.statusCode = 404;","            response.end();","        }).listen(process.env.PORT);","        break;","    }","}());",""],"l":{"26":2,"28":2,"33":2,"35":2,"37":2,"38":2,"39":2,"44":1,"51":2,"55":2,"59":2,"61":2,"69":1,"70":2,"76":2,"79":2,"82":2,"83":2,"85":1,"89":2,"92":1,"93":1,"94":1,"96":1,"97":1,"100":1,"101":1,"103":1,"106":1,"108":2,"114":1,"116":1,"118":1,"123":1,"124":2,"125":2,"126":3,"127":3,"128":3,"129":3,"130":1,"133":3,"134":3,"139":3,"143":1,"144":3,"145":1,"149":1,"150":1,"158":1,"160":1,"161":1,"162":1,"164":1,"166":1,"258":1,"259":1,"271":1,"274":6,"275":6,"277":1,"279":2,"281":1,"283":2,"288":1,"289":1,"291":1,"296":1,"303":1,"306":1,"307":1,"310":1,"311":1,"313":1,"314":1,"315":1,"316":1,"317":1,"318":1,"319":1,"321":1,"322":1,"324":1}},"/home/travis/build/npmtest/node-npmtest-karma-jasmine-html-reporter/node_modules/karma-jasmine-html-reporter/src/index.js":{"path":"/home/travis/build/npmtest/node-npmtest-karma-jasmine-html-reporter/node_modules/karma-jasmine-html-reporter/src/index.js","s":{"1":1,"2":1,"3":0,"4":1,"5":0,"6":0,"7":0,"8":0,"9":0,"10":0,"11":0,"12":0,"13":1,"14":1},"b":{"1":[0,0]},"f":{"1":0,"2":0,"3":0},"fnMap":{"1":{"name":"(anonymous_1)","line":2,"loc":{"start":{"line":2,"column":20},"end":{"line":2,"column":35}}},"2":{"name":"(anonymous_2)","line":6,"loc":{"start":{"line":6,"column":19},"end":{"line":6,"column":59}}},"3":{"name":"(anonymous_3)","line":11,"loc":{"start":{"line":11,"column":16},"end":{"line":11,"column":38}}}},"statementMap":{"1":{"start":{"line":1,"column":0},"end":{"line":1,"column":56}},"2":{"start":{"line":2,"column":0},"end":{"line":4,"column":2}},"3":{"start":{"line":3,"column":2},"end":{"line":3,"column":71}},"4":{"start":{"line":6,"column":0},"end":{"line":20,"column":2}},"5":{"start":{"line":7,"column":2},"end":{"line":7,"column":27}},"6":{"start":{"line":9,"column":2},"end":{"line":9,"column":30}},"7":{"start":{"line":11,"column":2},"end":{"line":15,"column":5}},"8":{"start":{"line":12,"column":4},"end":{"line":14,"column":5}},"9":{"start":{"line":13,"column":6},"end":{"line":13,"column":31}},"10":{"start":{"line":17,"column":2},"end":{"line":17,"column":85}},"11":{"start":{"line":18,"column":2},"end":{"line":18,"column":98}},"12":{"start":{"line":19,"column":2},"end":{"line":19,"column":84}},"13":{"start":{"line":22,"column":0},"end":{"line":22,"column":66}},"14":{"start":{"line":24,"column":0},"end":{"line":26,"column":2}}},"branchMap":{"1":{"line":12,"type":"if","locations":[{"start":{"line":12,"column":4},"end":{"line":12,"column":4}},{"start":{"line":12,"column":4},"end":{"line":12,"column":4}}]}},"code":["var JASMINE_CORE_PATTERN = /([\\\\/]karma-jasmine[\\\\/])/i;","var createPattern = function(path) {","  return {pattern: path, included: true, served: true, watched: false};","};","","var initReporter = function(files,  baseReporterDecorator) {","  var jasmineCoreIndex = 0;","","  baseReporterDecorator(this);","","  files.forEach(function(file, index) {","    if (JASMINE_CORE_PATTERN.test(file.pattern)) {","      jasmineCoreIndex = index;","    }","  });","","  files.splice(++jasmineCoreIndex, 0, createPattern(__dirname + '/css/jasmine.css'));","  files.splice(++jasmineCoreIndex, 0, createPattern(__dirname + '/lib/html.jasmine.reporter.js'));","  files.splice(++jasmineCoreIndex, 0, createPattern(__dirname + '/lib/adapter.js'));","};","","initReporter.$inject = ['config.files',  'baseReporterDecorator'];","","module.exports = {","  'reporter:kjhtml': ['type', initReporter]","};",""],"l":{"1":1,"2":1,"3":0,"6":1,"7":0,"9":0,"11":0,"12":0,"13":0,"17":0,"18":0,"19":0,"22":1,"24":1}},"/home/travis/build/npmtest/node-npmtest-karma-jasmine-html-reporter/node_modules/karma-jasmine-html-reporter/src/lib/adapter.js":{"path":"/home/travis/build/npmtest/node-npmtest-karma-jasmine-html-reporter/node_modules/karma-jasmine-html-reporter/src/lib/adapter.js","s":{"1":2,"2":0,"3":0,"4":0,"5":0,"6":0,"7":0,"8":0,"9":0,"10":0,"11":0,"12":0,"13":0,"14":0,"15":0,"16":0,"17":0,"18":0},"b":{"1":[0,0]},"f":{"1":0,"2":0,"3":0,"4":0,"5":0,"6":0,"7":0,"8":0},"fnMap":{"1":{"name":"(anonymous_1)","line":1,"loc":{"start":{"line":1,"column":1},"end":{"line":1,"column":17}}},"2":{"name":"(anonymous_2)","line":20,"loc":{"start":{"line":20,"column":27},"end":{"line":20,"column":38}}},"3":{"name":"(anonymous_3)","line":32,"loc":{"start":{"line":32,"column":32},"end":{"line":32,"column":43}}},"4":{"name":"(anonymous_4)","line":33,"loc":{"start":{"line":33,"column":22},"end":{"line":33,"column":33}}},"5":{"name":"(anonymous_5)","line":34,"loc":{"start":{"line":34,"column":23},"end":{"line":34,"column":34}}},"6":{"name":"(anonymous_6)","line":35,"loc":{"start":{"line":35,"column":24},"end":{"line":35,"column":35}}},"7":{"name":"(anonymous_7)","line":49,"loc":{"start":{"line":49,"column":22},"end":{"line":49,"column":33}}},"8":{"name":"(anonymous_8)","line":52,"loc":{"start":{"line":52,"column":21},"end":{"line":52,"column":36}}}},"statementMap":{"1":{"start":{"line":1,"column":0},"end":{"line":58,"column":11}},"2":{"start":{"line":6,"column":4},"end":{"line":6,"column":33}},"3":{"start":{"line":11,"column":4},"end":{"line":11,"column":31}},"4":{"start":{"line":19,"column":4},"end":{"line":21,"column":7}},"5":{"start":{"line":20,"column":40},"end":{"line":20,"column":63}},"6":{"start":{"line":23,"column":4},"end":{"line":23,"column":59}},"7":{"start":{"line":24,"column":4},"end":{"line":24,"column":95}},"8":{"start":{"line":30,"column":4},"end":{"line":37,"column":7}},"9":{"start":{"line":32,"column":45},"end":{"line":32,"column":102}},"10":{"start":{"line":33,"column":35},"end":{"line":33,"column":56}},"11":{"start":{"line":34,"column":36},"end":{"line":34,"column":93}},"12":{"start":{"line":35,"column":37},"end":{"line":35,"column":95}},"13":{"start":{"line":43,"column":4},"end":{"line":43,"column":34}},"14":{"start":{"line":48,"column":4},"end":{"line":50,"column":7}},"15":{"start":{"line":49,"column":35},"end":{"line":49,"column":71}},"16":{"start":{"line":52,"column":4},"end":{"line":54,"column":6}},"17":{"start":{"line":53,"column":8},"end":{"line":53,"column":54}},"18":{"start":{"line":56,"column":4},"end":{"line":56,"column":30}}},"branchMap":{"1":{"line":24,"type":"cond-expr","locations":[{"start":{"line":24,"column":68},"end":{"line":24,"column":72}},{"start":{"line":24,"column":75},"end":{"line":24,"column":93}}]}},"code":["(function(window){","","    /**","     * Since this is being run in a browser and the results should populate to an HTML page, require the HTML-specific Jasmine code, injecting the same reference.","     */","    jasmineRequire.html(jasmine);","    /**","     * Create the Jasmine environment. This is used to run all specs","     * in a project.","     */","    var env = jasmine.getEnv();","","    /**","     * ## Runner Parameters","     *","     * More browser specific code - wrap the query string in an object and to allow for getting/setting parameters from the runner user interface.","     */","","    var queryString = new jasmine.QueryString({","        getWindowLocation: function() { return window.location; }","    });","","    var catchingExceptions = queryString.getParam(\"catch\");","    env.catchExceptions(typeof catchingExceptions === \"undefined\" ? true : catchingExceptions);","","    /**","     * ## Reporters","     * The `HtmlReporter` builds all of the HTML UI for the runner page. This reporter paints the dots, stars, and x's for specs, as well as all spec names and all failures (if any).","     */","    var htmlReporter = new jasmine.HtmlReporter({","        env: env,","        onRaiseExceptionsClick: function() { queryString.setParam(\"catch\", !env.catchingExceptions()); },","        getContainer: function() { return document.body; },","        createElement: function() { return document.createElement.apply(document, arguments); },","        createTextNode: function() { return document.createTextNode.apply(document, arguments); },","        timer: new jasmine.Timer()","    });","","    /**","     * The `jsApiReporter` also receives spec results, and is used by any environment that needs to extract the results  from JavaScript.","     */","","    env.addReporter(htmlReporter);","","    /**","     * Filter which specs will be run by matching the start of the full name against the `spec` query param.","     */","    var specFilter = new jasmine.HtmlSpecFilter({","        filterString: function() { return queryString.getParam(\"spec\"); }","    });","","    env.specFilter = function(spec) {","        return specFilter.matches(spec.getFullName());","    };","","    htmlReporter.initialize();","","})(window);",""],"l":{"1":2,"6":0,"11":0,"19":0,"20":0,"23":0,"24":0,"30":0,"32":0,"33":0,"34":0,"35":0,"43":0,"48":0,"49":0,"52":0,"53":0,"56":0}},"/home/travis/build/npmtest/node-npmtest-karma-jasmine-html-reporter/node_modules/karma-jasmine-html-reporter/src/lib/html.jasmine.reporter.js":{"path":"/home/travis/build/npmtest/node-npmtest-karma-jasmine-html-reporter/node_modules/karma-jasmine-html-reporter/src/lib/html.jasmine.reporter.js","s":{"1":2,"2":0,"3":0,"4":0,"5":0,"6":0,"7":0,"8":0,"9":1,"10":0,"11":0,"12":0,"13":0,"14":0,"15":0,"16":0,"17":0,"18":0,"19":0,"20":0,"21":0,"22":0,"23":0,"24":0,"25":0,"26":0,"27":0,"28":0,"29":0,"30":0,"31":0,"32":0,"33":0,"34":0,"35":0,"36":0,"37":0,"38":0,"39":0,"40":0,"41":0,"42":0,"43":0,"44":0,"45":0,"46":0,"47":0,"48":0,"49":0,"50":0,"51":0,"52":0,"53":0,"54":0,"55":0,"56":0,"57":0,"58":0,"59":0,"60":0,"61":0,"62":0,"63":0,"64":0,"65":0,"66":1,"67":0,"68":0,"69":0,"70":0,"71":0,"72":0,"73":0,"74":0,"75":0,"76":0,"77":0,"78":0,"79":0,"80":0,"81":0,"82":0,"83":0,"84":0,"85":0,"86":0,"87":0,"88":0,"89":0,"90":0,"91":0,"92":0,"93":0,"94":0,"95":1,"96":0,"97":1,"98":0,"99":0,"100":0,"101":0,"102":0,"103":0,"104":0,"105":1,"106":0,"107":0,"108":0,"109":0,"110":0,"111":0,"112":0,"113":0,"114":0,"115":1,"116":0,"117":0,"118":0,"119":0,"120":0,"121":0,"122":0,"123":0,"124":0,"125":0,"126":0,"127":0,"128":1,"129":0,"130":0,"131":1,"132":0,"133":1,"134":0,"135":0,"136":0,"137":1,"138":0,"139":0,"140":0,"141":0,"142":0,"143":0,"144":1,"145":0,"146":0,"147":0,"148":0,"149":0,"150":0,"151":0,"152":0,"153":0,"154":0,"155":1,"156":0,"157":0,"158":0,"159":0,"160":0,"161":0,"162":0,"163":1,"164":0,"165":0,"166":0,"167":0,"168":1,"169":0,"170":0,"171":0,"172":0,"173":0,"174":0,"175":0,"176":0,"177":0,"178":0,"179":0},"b":{"1":[0,0],"2":[0,0],"3":[0,0],"4":[0,0],"5":[0,0],"6":[0,0],"7":[0,0],"8":[0,0],"9":[0,0],"10":[0,0],"11":[0,0],"12":[0,0],"13":[0,0],"14":[0,0],"15":[0,0],"16":[0,0],"17":[0,0],"18":[0,0],"19":[0,0],"20":[0,0],"21":[0,0],"22":[0,0],"23":[0,0],"24":[0,0],"25":[0,0],"26":[0,0],"27":[0,0],"28":[0,0,0],"29":[0,0],"30":[0,0],"31":[0,0]},"f":{"1":0,"2":0,"3":0,"4":0,"5":0,"6":0,"7":0,"8":0,"9":0,"10":0,"11":0,"12":0,"13":0,"14":0,"15":0,"16":0,"17":0,"18":0,"19":0,"20":0,"21":0,"22":0,"23":0,"24":0,"25":0,"26":0,"27":0,"28":0,"29":0,"30":0,"31":0,"32":0,"33":0,"34":0,"35":0,"36":0},"fnMap":{"1":{"name":"(anonymous_1)","line":24,"loc":{"start":{"line":24,"column":22},"end":{"line":24,"column":35}}},"2":{"name":"(anonymous_2)","line":31,"loc":{"start":{"line":31,"column":30},"end":{"line":31,"column":43}}},"3":{"name":"(anonymous_3)","line":34,"loc":{"start":{"line":34,"column":15},"end":{"line":34,"column":26}}},"4":{"name":"(anonymous_4)","line":35,"loc":{"start":{"line":35,"column":17},"end":{"line":35,"column":28}}},"5":{"name":"HtmlReporter","line":38,"loc":{"start":{"line":38,"column":4},"end":{"line":38,"column":35}}},"6":{"name":"(anonymous_6)","line":43,"loc":{"start":{"line":43,"column":71},"end":{"line":43,"column":82}}},"7":{"name":"(anonymous_7)","line":52,"loc":{"start":{"line":52,"column":26},"end":{"line":52,"column":37}}},"8":{"name":"(anonymous_8)","line":70,"loc":{"start":{"line":70,"column":30},"end":{"line":70,"column":48}}},"9":{"name":"(anonymous_9)","line":80,"loc":{"start":{"line":80,"column":28},"end":{"line":80,"column":45}}},"10":{"name":"(anonymous_10)","line":85,"loc":{"start":{"line":85,"column":25},"end":{"line":85,"column":42}}},"11":{"name":"(anonymous_11)","line":93,"loc":{"start":{"line":93,"column":27},"end":{"line":93,"column":44}}},"12":{"name":"(anonymous_12)","line":98,"loc":{"start":{"line":98,"column":24},"end":{"line":98,"column":41}}},"13":{"name":"(anonymous_13)","line":136,"loc":{"start":{"line":136,"column":27},"end":{"line":136,"column":38}}},"14":{"name":"summaryList","line":175,"loc":{"start":{"line":175,"column":12},"end":{"line":175,"column":57}}},"15":{"name":"(anonymous_15)","line":223,"loc":{"start":{"line":223,"column":49},"end":{"line":223,"column":60}}},"16":{"name":"(anonymous_16)","line":226,"loc":{"start":{"line":226,"column":50},"end":{"line":226,"column":61}}},"17":{"name":"find","line":243,"loc":{"start":{"line":243,"column":8},"end":{"line":243,"column":32}}},"18":{"name":"scrollToSpec","line":247,"loc":{"start":{"line":247,"column":8},"end":{"line":247,"column":37}}},"19":{"name":"getParentById","line":267,"loc":{"start":{"line":267,"column":8},"end":{"line":267,"column":38}}},"20":{"name":"createDom","line":287,"loc":{"start":{"line":287,"column":8},"end":{"line":287,"column":57}}},"21":{"name":"pluralize","line":313,"loc":{"start":{"line":313,"column":8},"end":{"line":313,"column":44}}},"22":{"name":"specHref","line":319,"loc":{"start":{"line":319,"column":8},"end":{"line":319,"column":34}}},"23":{"name":"setMenuModeTo","line":323,"loc":{"start":{"line":323,"column":8},"end":{"line":323,"column":37}}},"24":{"name":"(anonymous_24)","line":331,"loc":{"start":{"line":331,"column":32},"end":{"line":331,"column":43}}},"25":{"name":"HtmlSpecFilter","line":332,"loc":{"start":{"line":332,"column":4},"end":{"line":332,"column":37}}},"26":{"name":"(anonymous_26)","line":336,"loc":{"start":{"line":336,"column":23},"end":{"line":336,"column":42}}},"27":{"name":"(anonymous_27)","line":344,"loc":{"start":{"line":344,"column":29},"end":{"line":344,"column":40}}},"28":{"name":"ResultsNode","line":345,"loc":{"start":{"line":345,"column":4},"end":{"line":345,"column":47}}},"29":{"name":"(anonymous_29)","line":352,"loc":{"start":{"line":352,"column":24},"end":{"line":352,"column":47}}},"30":{"name":"(anonymous_30)","line":356,"loc":{"start":{"line":356,"column":20},"end":{"line":356,"column":31}}},"31":{"name":"(anonymous_31)","line":364,"loc":{"start":{"line":364,"column":29},"end":{"line":364,"column":40}}},"32":{"name":"QueryString","line":365,"loc":{"start":{"line":365,"column":4},"end":{"line":365,"column":34}}},"33":{"name":"(anonymous_33)","line":367,"loc":{"start":{"line":367,"column":24},"end":{"line":367,"column":45}}},"34":{"name":"(anonymous_34)","line":373,"loc":{"start":{"line":373,"column":24},"end":{"line":373,"column":38}}},"35":{"name":"toQueryString","line":379,"loc":{"start":{"line":379,"column":8},"end":{"line":379,"column":41}}},"36":{"name":"queryStringToParamMap","line":387,"loc":{"start":{"line":387,"column":8},"end":{"line":387,"column":41}}}},"statementMap":{"1":{"start":{"line":24,"column":0},"end":{"line":29,"column":2}},"2":{"start":{"line":25,"column":4},"end":{"line":25,"column":50}},"3":{"start":{"line":26,"column":4},"end":{"line":26,"column":54}},"4":{"start":{"line":27,"column":4},"end":{"line":27,"column":50}},"5":{"start":{"line":28,"column":4},"end":{"line":28,"column":56}},"6":{"start":{"line":31,"column":0},"end":{"line":329,"column":2}},"7":{"start":{"line":33,"column":4},"end":{"line":36,"column":6}},"8":{"start":{"line":35,"column":30},"end":{"line":35,"column":39}},"9":{"start":{"line":38,"column":4},"end":{"line":326,"column":5}},"10":{"start":{"line":39,"column":8},"end":{"line":50,"column":20}},"11":{"start":{"line":52,"column":8},"end":{"line":67,"column":10}},"12":{"start":{"line":53,"column":12},"end":{"line":63,"column":14}},"13":{"start":{"line":64,"column":12},"end":{"line":64,"column":57}},"14":{"start":{"line":66,"column":12},"end":{"line":66,"column":46}},"15":{"start":{"line":69,"column":8},"end":{"line":69,"column":30}},"16":{"start":{"line":70,"column":8},"end":{"line":73,"column":10}},"17":{"start":{"line":71,"column":12},"end":{"line":71,"column":63}},"18":{"start":{"line":72,"column":12},"end":{"line":72,"column":26}},"19":{"start":{"line":75,"column":8},"end":{"line":75,"column":63}},"20":{"start":{"line":77,"column":8},"end":{"line":78,"column":39}},"21":{"start":{"line":80,"column":8},"end":{"line":83,"column":10}},"22":{"start":{"line":81,"column":12},"end":{"line":81,"column":52}},"23":{"start":{"line":82,"column":12},"end":{"line":82,"column":49}},"24":{"start":{"line":85,"column":8},"end":{"line":91,"column":10}},"25":{"start":{"line":86,"column":12},"end":{"line":88,"column":13}},"26":{"start":{"line":87,"column":16},"end":{"line":87,"column":23}},"27":{"start":{"line":90,"column":12},"end":{"line":90,"column":49}},"28":{"start":{"line":93,"column":8},"end":{"line":95,"column":10}},"29":{"start":{"line":94,"column":12},"end":{"line":94,"column":51}},"30":{"start":{"line":97,"column":8},"end":{"line":97,"column":26}},"31":{"start":{"line":98,"column":8},"end":{"line":134,"column":10}},"32":{"start":{"line":99,"column":12},"end":{"line":101,"column":13}},"33":{"start":{"line":100,"column":16},"end":{"line":100,"column":32}},"34":{"start":{"line":103,"column":12},"end":{"line":108,"column":15}},"35":{"start":{"line":110,"column":12},"end":{"line":129,"column":13}},"36":{"start":{"line":111,"column":16},"end":{"line":111,"column":31}},"37":{"start":{"line":113,"column":16},"end":{"line":119,"column":22}},"38":{"start":{"line":120,"column":16},"end":{"line":120,"column":53}},"39":{"start":{"line":122,"column":16},"end":{"line":126,"column":17}},"40":{"start":{"line":123,"column":20},"end":{"line":123,"column":67}},"41":{"start":{"line":124,"column":20},"end":{"line":124,"column":111}},"42":{"start":{"line":125,"column":20},"end":{"line":125,"column":106}},"43":{"start":{"line":128,"column":16},"end":{"line":128,"column":39}},"44":{"start":{"line":131,"column":12},"end":{"line":133,"column":13}},"45":{"start":{"line":132,"column":16},"end":{"line":132,"column":35}},"46":{"start":{"line":136,"column":8},"end":{"line":239,"column":10}},"47":{"start":{"line":137,"column":12},"end":{"line":137,"column":33}},"48":{"start":{"line":138,"column":12},"end":{"line":138,"column":41}},"49":{"start":{"line":139,"column":12},"end":{"line":139,"column":122}},"50":{"start":{"line":141,"column":12},"end":{"line":141,"column":39}},"51":{"start":{"line":143,"column":12},"end":{"line":150,"column":15}},"52":{"start":{"line":151,"column":12},"end":{"line":151,"column":41}},"53":{"start":{"line":153,"column":12},"end":{"line":153,"column":57}},"54":{"start":{"line":154,"column":12},"end":{"line":154,"column":54}},"55":{"start":{"line":156,"column":12},"end":{"line":163,"column":13}},"56":{"start":{"line":157,"column":16},"end":{"line":157,"column":110}},"57":{"start":{"line":158,"column":16},"end":{"line":162,"column":18}},"58":{"start":{"line":164,"column":12},"end":{"line":164,"column":117}},"59":{"start":{"line":165,"column":12},"end":{"line":165,"column":109}},"60":{"start":{"line":165,"column":36},"end":{"line":165,"column":107}},"61":{"start":{"line":167,"column":12},"end":{"line":167,"column":89}},"62":{"start":{"line":168,"column":12},"end":{"line":168,"column":100}},"63":{"start":{"line":170,"column":12},"end":{"line":170,"column":43}},"64":{"start":{"line":171,"column":12},"end":{"line":171,"column":41}},"65":{"start":{"line":173,"column":12},"end":{"line":173,"column":45}},"66":{"start":{"line":175,"column":12},"end":{"line":211,"column":13}},"67":{"start":{"line":176,"column":16},"end":{"line":176,"column":33}},"68":{"start":{"line":177,"column":16},"end":{"line":210,"column":17}},"69":{"start":{"line":178,"column":20},"end":{"line":178,"column":61}},"70":{"start":{"line":179,"column":20},"end":{"line":190,"column":21}},"71":{"start":{"line":180,"column":24},"end":{"line":180,"column":59}},"72":{"start":{"line":182,"column":24},"end":{"line":186,"column":26}},"73":{"start":{"line":188,"column":24},"end":{"line":188,"column":63}},"74":{"start":{"line":189,"column":24},"end":{"line":189,"column":61}},"75":{"start":{"line":191,"column":20},"end":{"line":209,"column":21}},"76":{"start":{"line":192,"column":24},"end":{"line":195,"column":25}},"77":{"start":{"line":193,"column":28},"end":{"line":193,"column":81}},"78":{"start":{"line":194,"column":28},"end":{"line":194,"column":64}},"79":{"start":{"line":197,"column":24},"end":{"line":200,"column":26}},"80":{"start":{"line":202,"column":24},"end":{"line":202,"column":86}},"81":{"start":{"line":204,"column":24},"end":{"line":208,"column":26}},"82":{"start":{"line":213,"column":12},"end":{"line":236,"column":13}},"83":{"start":{"line":214,"column":16},"end":{"line":217,"column":94}},"84":{"start":{"line":218,"column":16},"end":{"line":221,"column":64}},"85":{"start":{"line":223,"column":16},"end":{"line":225,"column":18}},"86":{"start":{"line":224,"column":20},"end":{"line":224,"column":50}},"87":{"start":{"line":226,"column":16},"end":{"line":228,"column":18}},"88":{"start":{"line":227,"column":20},"end":{"line":227,"column":47}},"89":{"start":{"line":230,"column":16},"end":{"line":230,"column":46}},"90":{"start":{"line":232,"column":16},"end":{"line":232,"column":52}},"91":{"start":{"line":233,"column":16},"end":{"line":235,"column":17}},"92":{"start":{"line":234,"column":20},"end":{"line":234,"column":57}},"93":{"start":{"line":238,"column":12},"end":{"line":238,"column":71}},"94":{"start":{"line":241,"column":8},"end":{"line":241,"column":20}},"95":{"start":{"line":243,"column":8},"end":{"line":245,"column":9}},"96":{"start":{"line":244,"column":12},"end":{"line":244,"column":58}},"97":{"start":{"line":247,"column":8},"end":{"line":265,"column":9}},"98":{"start":{"line":248,"column":12},"end":{"line":249,"column":55}},"99":{"start":{"line":251,"column":12},"end":{"line":262,"column":13}},"100":{"start":{"line":252,"column":16},"end":{"line":253,"column":71}},"101":{"start":{"line":256,"column":16},"end":{"line":261,"column":17}},"102":{"start":{"line":257,"column":20},"end":{"line":257,"column":59}},"103":{"start":{"line":259,"column":20},"end":{"line":260,"column":67}},"104":{"start":{"line":264,"column":12},"end":{"line":264,"column":45}},"105":{"start":{"line":267,"column":8},"end":{"line":285,"column":9}},"106":{"start":{"line":268,"column":12},"end":{"line":269,"column":28}},"107":{"start":{"line":271,"column":12},"end":{"line":282,"column":13}},"108":{"start":{"line":272,"column":16},"end":{"line":281,"column":17}},"109":{"start":{"line":273,"column":20},"end":{"line":275,"column":21}},"110":{"start":{"line":274,"column":24},"end":{"line":274,"column":37}},"111":{"start":{"line":277,"column":20},"end":{"line":277,"column":47}},"112":{"start":{"line":279,"column":20},"end":{"line":279,"column":33}},"113":{"start":{"line":280,"column":20},"end":{"line":280,"column":34}},"114":{"start":{"line":284,"column":12},"end":{"line":284,"column":26}},"115":{"start":{"line":287,"column":8},"end":{"line":311,"column":9}},"116":{"start":{"line":288,"column":12},"end":{"line":288,"column":41}},"117":{"start":{"line":290,"column":12},"end":{"line":300,"column":13}},"118":{"start":{"line":291,"column":16},"end":{"line":291,"column":41}},"119":{"start":{"line":293,"column":16},"end":{"line":299,"column":17}},"120":{"start":{"line":294,"column":20},"end":{"line":294,"column":58}},"121":{"start":{"line":296,"column":20},"end":{"line":298,"column":21}},"122":{"start":{"line":297,"column":24},"end":{"line":297,"column":46}},"123":{"start":{"line":302,"column":12},"end":{"line":308,"column":13}},"124":{"start":{"line":303,"column":16},"end":{"line":307,"column":17}},"125":{"start":{"line":304,"column":20},"end":{"line":304,"column":43}},"126":{"start":{"line":306,"column":20},"end":{"line":306,"column":55}},"127":{"start":{"line":310,"column":12},"end":{"line":310,"column":22}},"128":{"start":{"line":313,"column":8},"end":{"line":317,"column":9}},"129":{"start":{"line":314,"column":12},"end":{"line":314,"column":64}},"130":{"start":{"line":316,"column":12},"end":{"line":316,"column":43}},"131":{"start":{"line":319,"column":8},"end":{"line":321,"column":9}},"132":{"start":{"line":320,"column":12},"end":{"line":320,"column":66}},"133":{"start":{"line":323,"column":8},"end":{"line":325,"column":9}},"134":{"start":{"line":324,"column":12},"end":{"line":324,"column":76}},"135":{"start":{"line":328,"column":4},"end":{"line":328,"column":24}},"136":{"start":{"line":331,"column":0},"end":{"line":342,"column":2}},"137":{"start":{"line":332,"column":4},"end":{"line":339,"column":5}},"138":{"start":{"line":333,"column":8},"end":{"line":333,"column":131}},"139":{"start":{"line":334,"column":8},"end":{"line":334,"column":53}},"140":{"start":{"line":336,"column":8},"end":{"line":338,"column":10}},"141":{"start":{"line":337,"column":12},"end":{"line":337,"column":48}},"142":{"start":{"line":341,"column":4},"end":{"line":341,"column":26}},"143":{"start":{"line":344,"column":0},"end":{"line":362,"column":2}},"144":{"start":{"line":345,"column":4},"end":{"line":359,"column":5}},"145":{"start":{"line":346,"column":8},"end":{"line":346,"column":29}},"146":{"start":{"line":347,"column":8},"end":{"line":347,"column":25}},"147":{"start":{"line":348,"column":8},"end":{"line":348,"column":29}},"148":{"start":{"line":350,"column":8},"end":{"line":350,"column":27}},"149":{"start":{"line":352,"column":8},"end":{"line":354,"column":10}},"150":{"start":{"line":353,"column":12},"end":{"line":353,"column":68}},"151":{"start":{"line":356,"column":8},"end":{"line":358,"column":10}},"152":{"start":{"line":357,"column":12},"end":{"line":357,"column":59}},"153":{"start":{"line":361,"column":4},"end":{"line":361,"column":23}},"154":{"start":{"line":364,"column":0},"end":{"line":410,"column":2}},"155":{"start":{"line":365,"column":4},"end":{"line":407,"column":5}},"156":{"start":{"line":367,"column":8},"end":{"line":371,"column":10}},"157":{"start":{"line":368,"column":12},"end":{"line":368,"column":51}},"158":{"start":{"line":369,"column":12},"end":{"line":369,"column":34}},"159":{"start":{"line":370,"column":12},"end":{"line":370,"column":73}},"160":{"start":{"line":373,"column":8},"end":{"line":375,"column":10}},"161":{"start":{"line":374,"column":12},"end":{"line":374,"column":48}},"162":{"start":{"line":377,"column":8},"end":{"line":377,"column":20}},"163":{"start":{"line":379,"column":8},"end":{"line":385,"column":9}},"164":{"start":{"line":380,"column":12},"end":{"line":380,"column":31}},"165":{"start":{"line":381,"column":12},"end":{"line":383,"column":13}},"166":{"start":{"line":382,"column":16},"end":{"line":382,"column":100}},"167":{"start":{"line":384,"column":12},"end":{"line":384,"column":45}},"168":{"start":{"line":387,"column":8},"end":{"line":405,"column":9}},"169":{"start":{"line":388,"column":12},"end":{"line":390,"column":30}},"170":{"start":{"line":392,"column":12},"end":{"line":402,"column":13}},"171":{"start":{"line":393,"column":16},"end":{"line":393,"column":45}},"172":{"start":{"line":394,"column":16},"end":{"line":401,"column":17}},"173":{"start":{"line":395,"column":20},"end":{"line":395,"column":49}},"174":{"start":{"line":396,"column":20},"end":{"line":396,"column":57}},"175":{"start":{"line":397,"column":20},"end":{"line":399,"column":21}},"176":{"start":{"line":398,"column":24},"end":{"line":398,"column":50}},"177":{"start":{"line":400,"column":20},"end":{"line":400,"column":63}},"178":{"start":{"line":404,"column":12},"end":{"line":404,"column":28}},"179":{"start":{"line":409,"column":4},"end":{"line":409,"column":23}}},"branchMap":{"1":{"line":39,"type":"binary-expr","locations":[{"start":{"line":39,"column":18},"end":{"line":39,"column":29}},{"start":{"line":39,"column":33},"end":{"line":39,"column":35}}]},"2":{"line":43,"type":"binary-expr","locations":[{"start":{"line":43,"column":37},"end":{"line":43,"column":67}},{"start":{"line":43,"column":71},"end":{"line":43,"column":84}}]},"3":{"line":44,"type":"binary-expr","locations":[{"start":{"line":44,"column":20},"end":{"line":44,"column":33}},{"start":{"line":44,"column":37},"end":{"line":44,"column":46}}]},"4":{"line":71,"type":"binary-expr","locations":[{"start":{"line":71,"column":32},"end":{"line":71,"column":57}},{"start":{"line":71,"column":61},"end":{"line":71,"column":62}}]},"5":{"line":86,"type":"if","locations":[{"start":{"line":86,"column":12},"end":{"line":86,"column":12}},{"start":{"line":86,"column":12},"end":{"line":86,"column":12}}]},"6":{"line":99,"type":"if","locations":[{"start":{"line":99,"column":12},"end":{"line":99,"column":12}},{"start":{"line":99,"column":12},"end":{"line":99,"column":12}}]},"7":{"line":110,"type":"if","locations":[{"start":{"line":110,"column":12},"end":{"line":110,"column":12}},{"start":{"line":110,"column":12},"end":{"line":110,"column":12}}]},"8":{"line":131,"type":"if","locations":[{"start":{"line":131,"column":12},"end":{"line":131,"column":12}},{"start":{"line":131,"column":12},"end":{"line":131,"column":12}}]},"9":{"line":156,"type":"if","locations":[{"start":{"line":156,"column":12},"end":{"line":156,"column":12}},{"start":{"line":156,"column":12},"end":{"line":156,"column":12}}]},"10":{"line":165,"type":"if","locations":[{"start":{"line":165,"column":12},"end":{"line":165,"column":12}},{"start":{"line":165,"column":12},"end":{"line":165,"column":12}}]},"11":{"line":167,"type":"cond-expr","locations":[{"start":{"line":167,"column":68},"end":{"line":167,"column":76}},{"start":{"line":167,"column":79},"end":{"line":167,"column":87}}]},"12":{"line":179,"type":"if","locations":[{"start":{"line":179,"column":20},"end":{"line":179,"column":20}},{"start":{"line":179,"column":20},"end":{"line":179,"column":20}}]},"13":{"line":191,"type":"if","locations":[{"start":{"line":191,"column":20},"end":{"line":191,"column":20}},{"start":{"line":191,"column":20},"end":{"line":191,"column":20}}]},"14":{"line":192,"type":"if","locations":[{"start":{"line":192,"column":24},"end":{"line":192,"column":24}},{"start":{"line":192,"column":24},"end":{"line":192,"column":24}}]},"15":{"line":202,"type":"binary-expr","locations":[{"start":{"line":202,"column":24},"end":{"line":202,"column":35}},{"start":{"line":202,"column":40},"end":{"line":202,"column":84}}]},"16":{"line":213,"ty
[...]
ions":[{"start":{"line":213,"column":12},"end":{"line":213,"column":12}},{"start":{"line":213,"column":12},"end":{"line":213,"column":12}}]},"17":{"line":251,"type":"if","locations":[{"start":{"line":251,"column":12},"end":{"line":251,"column":12}},{"start":{"line":251,"column":12},"end":{"line":251,"column":12}}]},"18":{"line":256,"type":"if","locations":[{"start":{"line":256,"column":16},"end":{"line":256,"column":16}},{"start":{"line":256,"column":16},"end":{"line":256,"column":16}}]},"19":{"line":256,"type":"binary-expr","locations":[{"start":{"line":256,"column":19},"end":{"line":256,"column":25}},{"start":{"line":256,"column":30},"end":{"line":256,"column":50}}]},"20":{"line":259,"type":"cond-expr","locations":[{"start":{"line":260,"column":24},"end":{"line":260,"column":62}},{"start":{"line":260,"column":65},"end":{"line":260,"column":66}}]},"21":{"line":272,"type":"if","locations":[{"start":{"line":272,"column":16},"end":{"line":272,"column":16}},{"start":{"line":272,"column":16},"end":{"line":272,"column":16}}]},"22":{"line":272,"type":"binary-expr","locations":[{"start":{"line":272,"column":19},"end":{"line":272,"column":25}},{"start":{"line":272,"column":29},"end":{"line":272,"column":46}}]},"23":{"line":273,"type":"if","locations":[{"start":{"line":273,"column":20},"end":{"line":273,"column":20}},{"start":{"line":273,"column":20},"end":{"line":273,"column":20}}]},"24":{"line":293,"type":"if","locations":[{"start":{"line":293,"column":16},"end":{"line":293,"column":16}},{"start":{"line":293,"column":16},"end":{"line":293,"column":16}}]},"25":{"line":296,"type":"if","locations":[{"start":{"line":296,"column":20},"end":{"line":296,"column":20}},{"start":{"line":296,"column":20},"end":{"line":296,"column":20}}]},"26":{"line":303,"type":"if","locations":[{"start":{"line":303,"column":16},"end":{"line":303,"column":16}},{"start":{"line":303,"column":16},"end":{"line":303,"column":16}}]},"27":{"line":314,"type":"cond-expr","locations":[{"start":{"line":314,"column":37},"end":{"line":314,"column":45}},{"start":{"line":314,"column":48},"end":{"line":314,"column":62}}]},"28":{"line":333,"type":"binary-expr","locations":[{"start":{"line":333,"column":27},"end":{"line":333,"column":34}},{"start":{"line":333,"column":38},"end":{"line":333,"column":60}},{"start":{"line":333,"column":64},"end":{"line":333,"column":130}}]},"29":{"line":392,"type":"if","locations":[{"start":{"line":392,"column":12},"end":{"line":392,"column":12}},{"start":{"line":392,"column":12},"end":{"line":392,"column":12}}]},"30":{"line":397,"type":"if","locations":[{"start":{"line":397,"column":20},"end":{"line":397,"column":20}},{"start":{"line":397,"column":20},"end":{"line":397,"column":20}}]},"31":{"line":397,"type":"binary-expr","locations":[{"start":{"line":397,"column":24},"end":{"line":397,"column":40}},{"start":{"line":397,"column":44},"end":{"line":397,"column":61}}]}},"code":["/*"," Copyright (c) 2008-2013 Pivotal Labs",""," Permission is hereby granted, free of charge, to any person obtaining"," a copy of this software and associated documentation files (the"," \"Software\"), to deal in the Software without restriction, including"," without limitation the rights to use, copy, modify, merge, publish,"," distribute, sublicense, and/or sell copies of the Software, and to"," permit persons to whom the Software is furnished to do so, subject to"," the following conditions:",""," The above copyright notice and this permission notice shall be"," included in all copies or substantial portions of the Software.",""," THE SOFTWARE IS PROVIDED \"AS IS\", WITHOUT WARRANTY OF ANY KIND,"," EXPRESS OR IMPLIED, INCLUDING BUT NOT LIMITED TO THE WARRANTIES OF"," MERCHANTABILITY, FITNESS FOR A PARTICULAR PURPOSE AND"," NONINFRINGEMENT. IN NO EVENT SHALL THE AUTHORS OR COPYRIGHT HOLDERS BE"," LIABLE FOR ANY CLAIM, DAMAGES OR OTHER LIABILITY, WHETHER IN AN ACTION"," OF CONTRACT, TORT OR OTHERWISE, ARISING FROM, OUT OF OR IN CONNECTION"," WITH THE SOFTWARE OR THE USE OR OTHER DEALINGS IN THE SOFTWARE."," */","","jasmineRequire.html = function(j$) {","    j$.ResultsNode = jasmineRequire.ResultsNode();","    j$.HtmlReporter = jasmineRequire.HtmlReporter(j$);","    j$.QueryString = jasmineRequire.QueryString();","    j$.HtmlSpecFilter = jasmineRequire.HtmlSpecFilter();","};","","jasmineRequire.HtmlReporter = function(j$) {","","    var noopTimer = {","        start: function() {},","        elapsed: function() { return 0; }","    };","","    function HtmlReporter(options) {","        var env = options.env || {},","            getContainer = options.getContainer,","            createElement = options.createElement,","            createTextNode = options.createTextNode,","            onRaiseExceptionsClick = options.onRaiseExceptionsClick || function() {},","            timer = options.timer || noopTimer,","            results = [],","            specsExecuted = 0,","            failureCount = 0,","            pendingSpecCount = 0,","            htmlReporterMain,","            symbols;","","        this.initialize = function() {","            htmlReporterMain = createDom(\"div\", {className: \"html-reporter\"},","                createDom(\"div\", {className: \"banner\"},","                    createDom(\"span\", {className: \"title\"}, \"Jasmine\"),","                    createDom(\"span\", {className: \"version\"}, j$.version)","                ),","                createDom(\"ul\", {className: \"symbol-summary\"}),","                createDom(\"div\", {className: \"alert\"}),","                createDom(\"div\", {className: \"results\"},","                    createDom(\"div\", {className: \"failures\"})","                )","            );","            getContainer().appendChild(htmlReporterMain);","","            symbols = find(\".symbol-summary\");","        };","","        var totalSpecsDefined;","        this.jasmineStarted = function(options) {","            totalSpecsDefined = options.totalSpecsDefined || 0;","            timer.start();","        };","","        var summary = createDom(\"div\", {className: \"summary\"});","","        var topResults = new j$.ResultsNode({}, \"\", null),","            currentParent = topResults;","","        this.suiteStarted = function(result) {","            currentParent.addChild(result, \"suite\");","            currentParent = currentParent.last();","        };","","        this.suiteDone = function(result) {","            if (currentParent == topResults) {","                return;","            }","","            currentParent = currentParent.parent;","        };","","        this.specStarted = function(result) {","            currentParent.addChild(result, \"spec\");","        };","","        var failures = [];","        this.specDone = function(result) {","            if (result.status != \"disabled\") {","                specsExecuted++;","            }","","            symbols.appendChild(createDom(\"li\", {","                    className: result.status,","                    id: \"spec_\" + result.id,","                    title: result.fullName","                }","            ));","","            if (result.status == \"failed\") {","                failureCount++;","","                var failure =","                    createDom(\"div\", {className: \"spec-detail failed\"},","                        createDom(\"div\", {className: \"description\"},","                            createDom(\"a\", {title: result.fullName, href: specHref(result)}, result.fullName)","                        ),","                        createDom(\"div\", {className: \"messages\"})","                    );","                var messages = failure.childNodes[1];","","                for (var i = 0; i < result.failedExpectations.length; i++) {","                    var expectation = result.failedExpectations[i];","                    messages.appendChild(createDom(\"div\", {className: \"result-message\"}, expectation.message));","                    messages.appendChild(createDom(\"div\", {className: \"stack-trace\"}, expectation.stack));","                }","","                failures.push(failure);","            }","","            if (result.status == \"pending\") {","                pendingSpecCount++;","            }","        };","","        this.jasmineDone = function() {","            var specSuiteId = \"\";","            var banner = find(\".banner\");","            banner.appendChild(createDom(\"span\", {className: \"duration\"}, \"finished in \" + timer.elapsed() / 1000 + \"s\"));","","            var alert = find(\".alert\");","","            alert.appendChild(createDom(\"span\", { className: \"exceptions\" },","                createDom(\"label\", { className: \"label\", 'for': \"raise-exceptions\" }, \"raise exceptions\"),","                createDom(\"input\", {","                    className: \"raise\",","                    id: \"raise-exceptions\",","                    type: \"checkbox\"","                })","            ));","            var checkbox = find(\"input\");","","            checkbox.checked = !env.catchingExceptions();","            checkbox.onclick = onRaiseExceptionsClick;","","            if (specsExecuted < totalSpecsDefined) {","                var skippedMessage = \"Ran \" + specsExecuted + \" of \" + totalSpecsDefined + \" specs - run all\";","                alert.appendChild(","                    createDom(\"span\", {className: \"bar skipped\"},","                        createDom(\"a\", {href: \"?\", title: \"Run all specs\"}, skippedMessage)","                    )","                );","            }","            var statusBarMessage = \"\" + pluralize(\"spec\", specsExecuted) + \", \" + pluralize(\"failure\", failureCount);","            if (pendingSpecCount) { statusBarMessage += \", \" + pluralize(\"pending spec\", pendingSpecCount); }","","            var statusBarClassName = \"bar \" + ((failureCount > 0) ? \"failed\" : \"passed\");","            alert.appendChild(createDom(\"span\", {className: statusBarClassName}, statusBarMessage));","","            var results = find(\".results\");","            results.appendChild(summary);","","            summaryList(topResults, summary);","","            function summaryList(resultsTree, domParent) {","                var specListNode;","                for (var i = 0; i < resultsTree.children.length; i++) {","                    var resultNode = resultsTree.children[i];","                    if (resultNode.type == \"suite\") {","                        specSuiteId = resultNode.result.id;","","                        var suiteListNode = createDom(\"ul\", {className: \"suite\", id: \"suite-\" + specSuiteId},","                            createDom(\"li\", {className: \"suite-detail\"},","                                createDom(\"a\", {href: specHref(resultNode.result)}, resultNode.result.description)","                            )","                        );","","                        summaryList(resultNode, suiteListNode);","                        domParent.appendChild(suiteListNode);","                    }","                    if (resultNode.type == \"spec\") {","                        if (domParent.getAttribute(\"class\") != \"specs\") {","                            specListNode = createDom(\"ul\", {className: \"specs\"});","                            domParent.appendChild(specListNode);","                        }","","                        var attributesObj = {","                            className: resultNode.result.status,","                            id: \"spec-\" + resultNode.result.id","                        };","","                        specSuiteId && (attributesObj[\"spec-suite-id\"] = specSuiteId);","","                        specListNode.appendChild(","                            createDom(\"li\", attributesObj,","                                createDom(\"a\", {href: specHref(resultNode.result)}, resultNode.result.description)","                            )","                        );","                    }","                }","            }","","            if (failures.length) {","                alert.appendChild(","                    createDom('span', {className: \"menu bar spec-list\"},","                        createDom(\"span\", {}, \"Spec List | \"),","                        createDom('a', {className: \"failures-menu\", href: \"#\"}, \"Failures\")));","                alert.appendChild(","                    createDom('span', {className: \"menu bar failure-list\"},","                        createDom('a', {className: \"spec-list-menu\", href: \"#\"}, \"Spec List\"),","                        createDom(\"span\", {}, \" | Failures \")));","","                find(\".failures-menu\").onclick = function() {","                    setMenuModeTo('failure-list');","                };","                find(\".spec-list-menu\").onclick = function() {","                    setMenuModeTo('spec-list');","                };","","                setMenuModeTo('failure-list');","","                var failureNode = find(\".failures\");","                for (var i = 0; i < failures.length; i++) {","                    failureNode.appendChild(failures[i]);","                }","            }","","            scrollToSpec(document.querySelector(\".summary li.passed\"));","        };","","        return this;","","        function find(selector) {","            return getContainer().querySelector(selector);","        }","","        function scrollToSpec(specEl){","            var scroll = 0,","                windowInnerHeight = window.innerHeight;","","            if(specEl){","                var suiteId = specEl.getAttribute(\"spec-suite-id\"),","                    parent = getParentById(specEl, \"suite-\" + suiteId);","                    ","","                if(parent && (parent.offsetTop > 0)){","                    var parentHeight = parent.offsetHeight;","","                    scroll = (parent.offsetTop + parentHeight) > windowInnerHeight ? ","                        parent.offsetTop - windowInnerHeight/2 : 0; ","                }","            }    ","            ","            document.body.scrollTop = scroll;","        }","","        function getParentById(el, id){","            var found = false,","                parent = el;","","            while(!found){","                if(parent && parent.parentNode){","                    if(parent.parentNode.id === id){","                        found = true;","                    } ","                    ","                    parent = parent.parentNode;    ","                }else{","                    found = true;","                    parent = null;    ","                }","            }","","            return parent;","        }","","        function createDom(type, attrs, childrenVarArgs) {","            var el = createElement(type);","","            for (var i = 2; i < arguments.length; i++) {","                var child = arguments[i];","","                if (typeof child === 'string') {","                    el.appendChild(createTextNode(child));","                } else {","                    if (child) {","                        el.appendChild(child);","                    }","                }","            }","","            for (var attr in attrs) {","                if (attr == \"className\") {","                    el[attr] = attrs[attr];","                } else {","                    el.setAttribute(attr, attrs[attr]);","                }","            }","","            return el;","        }","","        function pluralize(singular, count) {","            var word = (count == 1 ? singular : singular + \"s\");","","            return \"\" + count + \" \" + word;","        }","","        function specHref(result) {","            return \"?spec=\" + encodeURIComponent(result.fullName);","        }","","        function setMenuModeTo(mode) {","            htmlReporterMain.setAttribute(\"class\", \"html-reporter \" + mode);","        }","    }","","    return HtmlReporter;","};","","jasmineRequire.HtmlSpecFilter = function() {","    function HtmlSpecFilter(options) {","        var filterString = options && options.filterString() && options.filterString().replace(/[-[\\]{}()*+?.,\\\\^$|#\\s]/g, \"\\\\$&\");","        var filterPattern = new RegExp(filterString);","","        this.matches = function(specName) {","            return filterPattern.test(specName);","        };","    }","","    return HtmlSpecFilter;","};","","jasmineRequire.ResultsNode = function() {","    function ResultsNode(result, type, parent) {","        this.result = result;","        this.type = type;","        this.parent = parent;","","        this.children = [];","","        this.addChild = function(result, type) {","            this.children.push(new ResultsNode(result, type, this));","        };","","        this.last = function() {","            return this.children[this.children.length - 1];","        };","    }","","    return ResultsNode;","};","","jasmineRequire.QueryString = function() {","    function QueryString(options) {","","        this.setParam = function(key, value) {","            var paramMap = queryStringToParamMap();","            paramMap[key] = value;","            options.getWindowLocation().search = toQueryString(paramMap);","        };","","        this.getParam = function(key) {","            return queryStringToParamMap()[key];","        };","","        return this;","","        function toQueryString(paramMap) {","            var qStrPairs = [];","            for (var prop in paramMap) {","                qStrPairs.push(encodeURIComponent(prop) + \"=\" + encodeURIComponent(paramMap[prop]));","            }","            return \"?\" + qStrPairs.join('&');","        }","","        function queryStringToParamMap() {","            var paramStr = options.getWindowLocation().search.substring(1),","                params = [],","                paramMap = {};","","            if (paramStr.length > 0) {","                params = paramStr.split('&');","                for (var i = 0; i < params.length; i++) {","                    var p = params[i].split('=');","                    var value = decodeURIComponent(p[1]);","                    if (value === \"true\" || value === \"false\") {","                        value = JSON.parse(value);","                    }","                    paramMap[decodeURIComponent(p[0])] = value;","                }","            }","","            return paramMap;","        }","","    }","","    return QueryString;","};"],"l":{"24":2,"25":0,"26":0,"27":0,"28":0,"31":0,"33":0,"35":0,"38":1,"39":0,"52":0,"53":0,"64":0,"66":0,"69":0,"70":0,"71":0,"72":0,"75":0,"77":0,"80":0,"81":0,"82":0,"85":0,"86":0,"87":0,"90":0,"93":0,"94":0,"97":0,"98":0,"99":0,"100":0,"103":0,"110":0,"111":0,"113":0,"120":0,"122":0,"123":0,"124":0,"125":0,"128":0,"131":0,"132":0,"136":0,"137":0,"138":0,"139":0,"141":0,"143":0,"151":0,"153":0,"154":0,"156":0,"157":0,"158":0,"164":0,"165":0,"167":0,"168":0,"170":0,"171":0,"173":0,"175":1,"176":0,"177":0,"178":0,"179":0,"180":0,"182":0,"188":0,"189":0,"191":0,"192":0,"193":0,"194":0,"197":0,"202":0,"204":0,"213":0,"214":0,"218":0,"223":0,"224":0,"226":0,"227":0,"230":0,"232":0,"233":0,"234":0,"238":0,"241":0,"243":1,"244":0,"247":1,"248":0,"251":0,"252":0,"256":0,"257":0,"259":0,"264":0,"267":1,"268":0,"271":0,"272":0,"273":0,"274":0,"277":0,"279":0,"280":0,"284":0,"287":1,"288":0,"290":0,"291":0,"293":0,"294":0,"296":0,"297":0,"302":0,"303":0,"304":0,"306":0,"310":0,"313":1,"314":0,"316":0,"319":1,"320":0,"323":1,"324":0,"328":0,"331":0,"332":1,"333":0,"334":0,"336":0,"337":0,"341":0,"344":0,"345":1,"346":0,"347":0,"348":0,"350":0,"352":0,"353":0,"356":0,"357":0,"361":0,"364":0,"365":1,"367":0,"368":0,"369":0,"370":0,"373":0,"374":0,"377":0,"379":1,"380":0,"381":0,"382":0,"384":0,"387":1,"388":0,"392":0,"393":0,"394":0,"395":0,"396":0,"397":0,"398":0,"400":0,"404":0,"409":0}}}